{"/Users/pratikshadoshi/Downloads/Projects/smart-bar-chart/src/lib/SmartBarChart.tsx": {"path":"/Users/pratikshadoshi/Downloads/Projects/smart-bar-chart/src/lib/SmartBarChart.tsx","statementMap":{"0":{"start":{"line":9,"column":59},"end":{"line":526,"column":null}},"1":{"start":{"line":24,"column":36},"end":{"line":24,"column":null}},"2":{"start":{"line":25,"column":40},"end":{"line":25,"column":null}},"3":{"start":{"line":26,"column":36},"end":{"line":26,"column":null}},"4":{"start":{"line":29,"column":10},"end":{"line":45,"column":null}},"5":{"start":{"line":30,"column":8},"end":{"line":30,"column":null}},"6":{"start":{"line":30,"column":30},"end":{"line":30,"column":null}},"7":{"start":{"line":31,"column":8},"end":{"line":44,"column":null}},"8":{"start":{"line":32,"column":28},"end":{"line":32,"column":null}},"9":{"start":{"line":33,"column":25},"end":{"line":33,"column":null}},"10":{"start":{"line":34,"column":12},"end":{"line":34,"column":null}},"11":{"start":{"line":34,"column":51},"end":{"line":34,"column":null}},"12":{"start":{"line":35,"column":12},"end":{"line":35,"column":null}},"13":{"start":{"line":35,"column":82},"end":{"line":35,"column":null}},"14":{"start":{"line":37,"column":12},"end":{"line":41,"column":null}},"15":{"start":{"line":38,"column":30},"end":{"line":38,"column":null}},"16":{"start":{"line":39,"column":22},"end":{"line":39,"column":null}},"17":{"start":{"line":40,"column":16},"end":{"line":40,"column":null}},"18":{"start":{"line":43,"column":12},"end":{"line":43,"column":null}},"19":{"start":{"line":48,"column":10},"end":{"line":51,"column":null}},"20":{"start":{"line":49,"column":22},"end":{"line":49,"column":null}},"21":{"start":{"line":49,"column":39},"end":{"line":49,"column":89}},"22":{"start":{"line":50,"column":8},"end":{"line":50,"column":null}},"23":{"start":{"line":50,"column":48},"end":{"line":50,"column":53}},"24":{"start":{"line":53,"column":10},"end":{"line":53,"column":null}},"25":{"start":{"line":54,"column":36},"end":{"line":54,"column":null}},"26":{"start":{"line":55,"column":38},"end":{"line":55,"column":null}},"27":{"start":{"line":56,"column":40},"end":{"line":56,"column":null}},"28":{"start":{"line":59,"column":26},"end":{"line":59,"column":null}},"29":{"start":{"line":60,"column":40},"end":{"line":60,"column":null}},"30":{"start":{"line":62,"column":4},"end":{"line":86,"column":null}},"31":{"start":{"line":63,"column":8},"end":{"line":63,"column":null}},"32":{"start":{"line":64,"column":8},"end":{"line":64,"column":null}},"33":{"start":{"line":68,"column":8},"end":{"line":84,"column":null}},"34":{"start":{"line":69,"column":12},"end":{"line":74,"column":null}},"35":{"start":{"line":70,"column":16},"end":{"line":72,"column":null}},"36":{"start":{"line":71,"column":20},"end":{"line":71,"column":null}},"37":{"start":{"line":73,"column":16},"end":{"line":73,"column":null}},"38":{"start":{"line":75,"column":12},"end":{"line":75,"column":null}},"39":{"start":{"line":76,"column":8},"end":{"line":84,"column":null}},"40":{"start":{"line":77,"column":12},"end":{"line":82,"column":null}},"41":{"start":{"line":78,"column":16},"end":{"line":80,"column":null}},"42":{"start":{"line":79,"column":20},"end":{"line":79,"column":null}},"43":{"start":{"line":81,"column":16},"end":{"line":81,"column":null}},"44":{"start":{"line":83,"column":12},"end":{"line":83,"column":null}},"45":{"start":{"line":89,"column":4},"end":{"line":92,"column":null}},"46":{"start":{"line":90,"column":8},"end":{"line":90,"column":null}},"47":{"start":{"line":91,"column":8},"end":{"line":91,"column":null}},"48":{"start":{"line":94,"column":29},"end":{"line":98,"column":null}},"49":{"start":{"line":95,"column":8},"end":{"line":95,"column":null}},"50":{"start":{"line":96,"column":8},"end":{"line":96,"column":null}},"51":{"start":{"line":97,"column":8},"end":{"line":97,"column":null}},"52":{"start":{"line":100,"column":30},"end":{"line":104,"column":null}},"53":{"start":{"line":101,"column":8},"end":{"line":101,"column":null}},"54":{"start":{"line":101,"column":31},"end":{"line":101,"column":83}},"55":{"start":{"line":102,"column":8},"end":{"line":102,"column":null}},"56":{"start":{"line":103,"column":8},"end":{"line":103,"column":null}},"57":{"start":{"line":106,"column":29},"end":{"line":110,"column":null}},"58":{"start":{"line":107,"column":8},"end":{"line":107,"column":null}},"59":{"start":{"line":107,"column":31},"end":{"line":107,"column":69}},"60":{"start":{"line":108,"column":8},"end":{"line":108,"column":null}},"61":{"start":{"line":109,"column":8},"end":{"line":109,"column":null}},"62":{"start":{"line":112,"column":24},"end":{"line":117,"column":null}},"63":{"start":{"line":113,"column":8},"end":{"line":113,"column":null}},"64":{"start":{"line":114,"column":8},"end":{"line":114,"column":null}},"65":{"start":{"line":115,"column":8},"end":{"line":115,"column":null}},"66":{"start":{"line":116,"column":8},"end":{"line":116,"column":null}},"67":{"start":{"line":120,"column":10},"end":{"line":120,"column":null}},"68":{"start":{"line":120,"column":34},"end":{"line":120,"column":70}},"69":{"start":{"line":121,"column":10},"end":{"line":126,"column":null}},"70":{"start":{"line":122,"column":25},"end":{"line":122,"column":null}},"71":{"start":{"line":123,"column":22},"end":{"line":123,"column":null}},"72":{"start":{"line":124,"column":20},"end":{"line":124,"column":null}},"73":{"start":{"line":125,"column":8},"end":{"line":125,"column":null}},"74":{"start":{"line":129,"column":19},"end":{"line":129,"column":null}},"75":{"start":{"line":132,"column":26},"end":{"line":132,"column":null}},"76":{"start":{"line":133,"column":23},"end":{"line":133,"column":null}},"77":{"start":{"line":134,"column":10},"end":{"line":134,"column":null}},"78":{"start":{"line":137,"column":10},"end":{"line":142,"column":null}},"79":{"start":{"line":138,"column":8},"end":{"line":141,"column":null}},"80":{"start":{"line":139,"column":41},"end":{"line":139,"column":45}},"81":{"start":{"line":144,"column":10},"end":{"line":149,"column":null}},"82":{"start":{"line":145,"column":23},"end":{"line":145,"column":null}},"83":{"start":{"line":145,"column":56},"end":{"line":145,"column":63}},"84":{"start":{"line":146,"column":8},"end":{"line":148,"column":null}},"85":{"start":{"line":151,"column":26},"end":{"line":165,"column":null}},"86":{"start":{"line":152,"column":8},"end":{"line":152,"column":null}},"87":{"start":{"line":152,"column":35},"end":{"line":152,"column":null}},"88":{"start":{"line":153,"column":8},"end":{"line":153,"column":null}},"89":{"start":{"line":154,"column":8},"end":{"line":164,"column":null}},"90":{"start":{"line":155,"column":28},"end":{"line":155,"column":null}},"91":{"start":{"line":156,"column":32},"end":{"line":156,"column":null}},"92":{"start":{"line":157,"column":26},"end":{"line":157,"column":null}},"93":{"start":{"line":158,"column":12},"end":{"line":158,"column":null}},"94":{"start":{"line":159,"column":12},"end":{"line":159,"column":null}},"95":{"start":{"line":161,"column":12},"end":{"line":161,"column":null}},"96":{"start":{"line":163,"column":12},"end":{"line":163,"column":null}},"97":{"start":{"line":167,"column":23},"end":{"line":169,"column":null}},"98":{"start":{"line":168,"column":8},"end":{"line":168,"column":null}},"99":{"start":{"line":168,"column":30},"end":{"line":168,"column":null}},"100":{"start":{"line":168,"column":51},"end":{"line":168,"column":69}},"101":{"start":{"line":170,"column":23},"end":{"line":172,"column":null}},"102":{"start":{"line":171,"column":8},"end":{"line":171,"column":null}},"103":{"start":{"line":171,"column":59},"end":{"line":171,"column":null}},"104":{"start":{"line":171,"column":80},"end":{"line":171,"column":85}},"105":{"start":{"line":174,"column":22},"end":{"line":174,"column":null}},"106":{"start":{"line":175,"column":25},"end":{"line":175,"column":null}},"107":{"start":{"line":178,"column":15},"end":{"line":178,"column":null}},"108":{"start":{"line":179,"column":22},"end":{"line":179,"column":null}},"109":{"start":{"line":180,"column":23},"end":{"line":180,"column":null}},"110":{"start":{"line":181,"column":24},"end":{"line":181,"column":null}},"111":{"start":{"line":183,"column":23},"end":{"line":183,"column":null}},"112":{"start":{"line":184,"column":21},"end":{"line":184,"column":null}},"113":{"start":{"line":185,"column":24},"end":{"line":185,"column":null}},"114":{"start":{"line":187,"column":22},"end":{"line":187,"column":null}},"115":{"start":{"line":188,"column":22},"end":{"line":188,"column":null}},"116":{"start":{"line":189,"column":21},"end":{"line":189,"column":null}},"117":{"start":{"line":191,"column":4},"end":{"line":524,"column":null}},"118":{"start":{"line":220,"column":35},"end":{"line":220,"column":null}},"119":{"start":{"line":245,"column":51},"end":{"line":245,"column":null}},"120":{"start":{"line":255,"column":49},"end":{"line":255,"column":64}},"121":{"start":{"line":265,"column":36},"end":{"line":280,"column":null}},"122":{"start":{"line":267,"column":55},"end":{"line":267,"column":null}},"123":{"start":{"line":285,"column":36},"end":{"line":300,"column":null}},"124":{"start":{"line":287,"column":55},"end":{"line":287,"column":null}},"125":{"start":{"line":310,"column":42},"end":{"line":310,"column":null}},"126":{"start":{"line":311,"column":50},"end":{"line":311,"column":null}},"127":{"start":{"line":312,"column":36},"end":{"line":329,"column":null}},"128":{"start":{"line":315,"column":59},"end":{"line":315,"column":null}},"129":{"start":{"line":366,"column":32},"end":{"line":371,"column":null}},"130":{"start":{"line":405,"column":46},"end":{"line":405,"column":null}},"131":{"start":{"line":406,"column":50},"end":{"line":406,"column":null}},"132":{"start":{"line":407,"column":49},"end":{"line":407,"column":null}},"133":{"start":{"line":408,"column":42},"end":{"line":408,"column":null}},"134":{"start":{"line":410,"column":47},"end":{"line":410,"column":null}},"135":{"start":{"line":411,"column":55},"end":{"line":411,"column":null}},"136":{"start":{"line":413,"column":32},"end":{"line":413,"column":null}},"137":{"start":{"line":413,"column":57},"end":{"line":413,"column":null}},"138":{"start":{"line":415,"column":51},"end":{"line":415,"column":null}},"139":{"start":{"line":416,"column":49},"end":{"line":416,"column":null}},"140":{"start":{"line":419,"column":32},"end":{"line":452,"column":null}},"141":{"start":{"line":420,"column":51},"end":{"line":420,"column":null}},"142":{"start":{"line":421,"column":36},"end":{"line":450,"column":null}},"143":{"start":{"line":423,"column":64},"end":{"line":423,"column":null}},"144":{"start":{"line":424,"column":64},"end":{"line":424,"column":null}},"145":{"start":{"line":425,"column":59},"end":{"line":425,"column":null}},"146":{"start":{"line":429,"column":70},"end":{"line":429,"column":null}},"147":{"start":{"line":430,"column":65},"end":{"line":430,"column":null}},"148":{"start":{"line":432,"column":52},"end":{"line":443,"column":null}},"149":{"start":{"line":445,"column":48},"end":{"line":445,"column":null}},"150":{"start":{"line":446,"column":48},"end":{"line":446,"column":null}},"151":{"start":{"line":455,"column":32},"end":{"line":486,"column":null}},"152":{"start":{"line":467,"column":48},"end":{"line":467,"column":null}},"153":{"start":{"line":492,"column":42},"end":{"line":492,"column":null}},"154":{"start":{"line":493,"column":32},"end":{"line":493,"column":null}},"155":{"start":{"line":493,"column":53},"end":{"line":493,"column":null}},"156":{"start":{"line":494,"column":32},"end":{"line":504,"column":null}}},"fnMap":{"0":{"name":"(anonymous_0)","decl":{"start":{"line":9,"column":59},"end":{"line":9,"column":60}},"loc":{"start":{"line":22,"column":6},"end":{"line":526,"column":null}},"line":22},"1":{"name":"(anonymous_1)","decl":{"start":{"line":29,"column":36},"end":{"line":29,"column":42}},"loc":{"start":{"line":29,"column":42},"end":{"line":45,"column":7}},"line":29},"2":{"name":"(anonymous_2)","decl":{"start":{"line":31,"column":27},"end":{"line":31,"column":32}},"loc":{"start":{"line":31,"column":32},"end":{"line":44,"column":9}},"line":31},"3":{"name":"(anonymous_3)","decl":{"start":{"line":48,"column":35},"end":{"line":48,"column":41}},"loc":{"start":{"line":48,"column":41},"end":{"line":51,"column":7}},"line":48},"4":{"name":"(anonymous_4)","decl":{"start":{"line":49,"column":39},"end":{"line":49,"column":44}},"loc":{"start":{"line":49,"column":39},"end":{"line":49,"column":89}},"line":49},"5":{"name":"(anonymous_5)","decl":{"start":{"line":50,"column":38},"end":{"line":50,"column":39}},"loc":{"start":{"line":50,"column":48},"end":{"line":50,"column":53}},"line":50},"6":{"name":"(anonymous_6)","decl":{"start":{"line":62,"column":14},"end":{"line":62,"column":20}},"loc":{"start":{"line":62,"column":20},"end":{"line":86,"column":7}},"line":62},"7":{"name":"(anonymous_7)","decl":{"start":{"line":69,"column":26},"end":{"line":69,"column":34}},"loc":{"start":{"line":69,"column":34},"end":{"line":74,"column":13}},"line":69},"8":{"name":"(anonymous_8)","decl":{"start":{"line":77,"column":26},"end":{"line":77,"column":34}},"loc":{"start":{"line":77,"column":34},"end":{"line":82,"column":13}},"line":77},"9":{"name":"(anonymous_9)","decl":{"start":{"line":89,"column":14},"end":{"line":89,"column":20}},"loc":{"start":{"line":89,"column":20},"end":{"line":92,"column":7}},"line":89},"10":{"name":"(anonymous_10)","decl":{"start":{"line":94,"column":29},"end":{"line":94,"column":30}},"loc":{"start":{"line":94,"column":47},"end":{"line":98,"column":null}},"line":94},"11":{"name":"(anonymous_11)","decl":{"start":{"line":100,"column":30},"end":{"line":100,"column":31}},"loc":{"start":{"line":100,"column":54},"end":{"line":104,"column":null}},"line":100},"12":{"name":"(anonymous_12)","decl":{"start":{"line":101,"column":22},"end":{"line":101,"column":31}},"loc":{"start":{"line":101,"column":31},"end":{"line":101,"column":83}},"line":101},"13":{"name":"(anonymous_13)","decl":{"start":{"line":106,"column":29},"end":{"line":106,"column":30}},"loc":{"start":{"line":106,"column":50},"end":{"line":110,"column":null}},"line":106},"14":{"name":"(anonymous_14)","decl":{"start":{"line":107,"column":22},"end":{"line":107,"column":31}},"loc":{"start":{"line":107,"column":31},"end":{"line":107,"column":69}},"line":107},"15":{"name":"(anonymous_15)","decl":{"start":{"line":112,"column":24},"end":{"line":112,"column":30}},"loc":{"start":{"line":112,"column":30},"end":{"line":117,"column":null}},"line":112},"16":{"name":"(anonymous_16)","decl":{"start":{"line":120,"column":28},"end":{"line":120,"column":34}},"loc":{"start":{"line":120,"column":34},"end":{"line":120,"column":70}},"line":120},"17":{"name":"(anonymous_17)","decl":{"start":{"line":121,"column":32},"end":{"line":121,"column":38}},"loc":{"start":{"line":121,"column":38},"end":{"line":126,"column":7}},"line":121},"18":{"name":"(anonymous_18)","decl":{"start":{"line":137,"column":27},"end":{"line":137,"column":33}},"loc":{"start":{"line":137,"column":33},"end":{"line":142,"column":7}},"line":137},"19":{"name":"(anonymous_19)","decl":{"start":{"line":139,"column":36},"end":{"line":139,"column":41}},"loc":{"start":{"line":139,"column":41},"end":{"line":139,"column":45}},"line":139},"20":{"name":"(anonymous_20)","decl":{"start":{"line":144,"column":27},"end":{"line":144,"column":33}},"loc":{"start":{"line":144,"column":33},"end":{"line":149,"column":7}},"line":144},"21":{"name":"(anonymous_21)","decl":{"start":{"line":145,"column":51},"end":{"line":145,"column":56}},"loc":{"start":{"line":145,"column":56},"end":{"line":145,"column":63}},"line":145},"22":{"name":"(anonymous_22)","decl":{"start":{"line":151,"column":26},"end":{"line":151,"column":38}},"loc":{"start":{"line":151,"column":38},"end":{"line":165,"column":null}},"line":151},"23":{"name":"(anonymous_23)","decl":{"start":{"line":167,"column":23},"end":{"line":167,"column":29}},"loc":{"start":{"line":167,"column":29},"end":{"line":169,"column":null}},"line":167},"24":{"name":"(anonymous_24)","decl":{"start":{"line":168,"column":46},"end":{"line":168,"column":51}},"loc":{"start":{"line":168,"column":51},"end":{"line":168,"column":69}},"line":168},"25":{"name":"(anonymous_25)","decl":{"start":{"line":170,"column":23},"end":{"line":170,"column":29}},"loc":{"start":{"line":170,"column":29},"end":{"line":172,"column":null}},"line":170},"26":{"name":"(anonymous_26)","decl":{"start":{"line":171,"column":75},"end":{"line":171,"column":80}},"loc":{"start":{"line":171,"column":80},"end":{"line":171,"column":85}},"line":171},"27":{"name":"(anonymous_27)","decl":{"start":{"line":220,"column":29},"end":{"line":220,"column":35}},"loc":{"start":{"line":220,"column":35},"end":{"line":220,"column":null}},"line":220},"28":{"name":"(anonymous_28)","decl":{"start":{"line":245,"column":45},"end":{"line":245,"column":51}},"loc":{"start":{"line":245,"column":51},"end":{"line":245,"column":null}},"line":245},"29":{"name":"(anonymous_29)","decl":{"start":{"line":255,"column":41},"end":{"line":255,"column":47}},"loc":{"start":{"line":255,"column":47},"end":{"line":255,"column":null}},"line":255},"30":{"name":"(anonymous_30)","decl":{"start":{"line":264,"column":51},"end":{"line":264,"column":null}},"loc":{"start":{"line":265,"column":36},"end":{"line":280,"column":null}},"line":265},"31":{"name":"(anonymous_31)","decl":{"start":{"line":267,"column":49},"end":{"line":267,"column":55}},"loc":{"start":{"line":267,"column":55},"end":{"line":267,"column":null}},"line":267},"32":{"name":"(anonymous_32)","decl":{"start":{"line":284,"column":63},"end":{"line":284,"column":64}},"loc":{"start":{"line":285,"column":36},"end":{"line":300,"column":null}},"line":285},"33":{"name":"(anonymous_33)","decl":{"start":{"line":287,"column":49},"end":{"line":287,"column":55}},"loc":{"start":{"line":287,"column":55},"end":{"line":287,"column":null}},"line":287},"34":{"name":"(anonymous_34)","decl":{"start":{"line":307,"column":39},"end":{"line":307,"column":40}},"loc":{"start":{"line":307,"column":57},"end":{"line":331,"column":33}},"line":307},"35":{"name":"(anonymous_35)","decl":{"start":{"line":315,"column":53},"end":{"line":315,"column":59}},"loc":{"start":{"line":315,"column":59},"end":{"line":315,"column":null}},"line":315},"36":{"name":"(anonymous_36)","decl":{"start":{"line":365,"column":64},"end":{"line":365,"column":null}},"loc":{"start":{"line":366,"column":32},"end":{"line":371,"column":null}},"line":366},"37":{"name":"(anonymous_37)","decl":{"start":{"line":404,"column":45},"end":{"line":404,"column":46}},"loc":{"start":{"line":404,"column":52},"end":{"line":488,"column":29}},"line":404},"38":{"name":"(anonymous_38)","decl":{"start":{"line":423,"column":58},"end":{"line":423,"column":64}},"loc":{"start":{"line":423,"column":64},"end":{"line":423,"column":null}},"line":423},"39":{"name":"(anonymous_39)","decl":{"start":{"line":424,"column":58},"end":{"line":424,"column":64}},"loc":{"start":{"line":424,"column":64},"end":{"line":424,"column":null}},"line":424},"40":{"name":"(anonymous_40)","decl":{"start":{"line":425,"column":53},"end":{"line":425,"column":59}},"loc":{"start":{"line":425,"column":59},"end":{"line":425,"column":null}},"line":425},"41":{"name":"(anonymous_41)","decl":{"start":{"line":428,"column":65},"end":{"line":428,"column":66}},"loc":{"start":{"line":428,"column":79},"end":{"line":447,"column":45}},"line":428},"42":{"name":"(anonymous_42)","decl":{"start":{"line":466,"column":53},"end":{"line":466,"column":54}},"loc":{"start":{"line":466,"column":63},"end":{"line":468,"column":null}},"line":466},"43":{"name":"(anonymous_43)","decl":{"start":{"line":491,"column":45},"end":{"line":491,"column":46}},"loc":{"start":{"line":491,"column":52},"end":{"line":506,"column":29}},"line":491}},"branchMap":{"0":{"loc":{"start":{"line":11,"column":4},"end":{"line":11,"column":null}},"type":"default-arg","locations":[{"start":{"line":11,"column":11},"end":{"line":11,"column":null}}],"line":11},"1":{"loc":{"start":{"line":12,"column":4},"end":{"line":12,"column":null}},"type":"default-arg","locations":[{"start":{"line":12,"column":14},"end":{"line":12,"column":null}}],"line":12},"2":{"loc":{"start":{"line":18,"column":4},"end":{"line":18,"column":null}},"type":"default-arg","locations":[{"start":{"line":18,"column":13},"end":{"line":18,"column":null}}],"line":18},"3":{"loc":{"start":{"line":19,"column":4},"end":{"line":19,"column":null}},"type":"default-arg","locations":[{"start":{"line":19,"column":12},"end":{"line":19,"column":null}}],"line":19},"4":{"loc":{"start":{"line":20,"column":4},"end":{"line":20,"column":null}},"type":"default-arg","locations":[{"start":{"line":20,"column":16},"end":{"line":20,"column":null}}],"line":20},"5":{"loc":{"start":{"line":30,"column":8},"end":{"line":30,"column":null}},"type":"if","locations":[{"start":{"line":30,"column":8},"end":{"line":30,"column":null}},{"start":{},"end":{}}],"line":30},"6":{"loc":{"start":{"line":34,"column":12},"end":{"line":34,"column":null}},"type":"if","locations":[{"start":{"line":34,"column":12},"end":{"line":34,"column":null}},{"start":{},"end":{}}],"line":34},"7":{"loc":{"start":{"line":35,"column":12},"end":{"line":35,"column":null}},"type":"if","locations":[{"start":{"line":35,"column":12},"end":{"line":35,"column":null}},{"start":{},"end":{}}],"line":35},"8":{"loc":{"start":{"line":35,"column":16},"end":{"line":35,"column":82}},"type":"binary-expr","locations":[{"start":{"line":35,"column":16},"end":{"line":35,"column":45}},{"start":{"line":35,"column":37},"end":{"line":35,"column":82}}],"line":35},"9":{"loc":{"start":{"line":37,"column":12},"end":{"line":41,"column":null}},"type":"if","locations":[{"start":{"line":37,"column":12},"end":{"line":41,"column":null}},{"start":{},"end":{}}],"line":37},"10":{"loc":{"start":{"line":59,"column":26},"end":{"line":59,"column":null}},"type":"cond-expr","locations":[{"start":{"line":59,"column":45},"end":{"line":59,"column":50}},{"start":{"line":59,"column":50},"end":{"line":59,"column":null}}],"line":59},"11":{"loc":{"start":{"line":68,"column":8},"end":{"line":84,"column":null}},"type":"if","locations":[{"start":{"line":68,"column":8},"end":{"line":84,"column":null}},{"start":{"line":76,"column":8},"end":{"line":84,"column":null}}],"line":68},"12":{"loc":{"start":{"line":70,"column":16},"end":{"line":72,"column":null}},"type":"if","locations":[{"start":{"line":70,"column":16},"end":{"line":72,"column":null}},{"start":{},"end":{}}],"line":70},"13":{"loc":{"start":{"line":70,"column":20},"end":{"line":70,"column":72}},"type":"binary-expr","locations":[{"start":{"line":70,"column":20},"end":{"line":70,"column":43}},{"start":{"line":70,"column":43},"end":{"line":70,"column":72}}],"line":70},"14":{"loc":{"start":{"line":76,"column":8},"end":{"line":84,"column":null}},"type":"if","locations":[{"start":{"line":76,"column":8},"end":{"line":84,"column":null}},{"start":{},"end":{}}],"line":76},"15":{"loc":{"start":{"line":78,"column":16},"end":{"line":80,"column":null}},"type":"if","locations":[{"start":{"line":78,"column":16},"end":{"line":80,"column":null}},{"start":{},"end":{}}],"line":78},"16":{"loc":{"start":{"line":134,"column":25},"end":{"line":134,"column":70}},"type":"cond-expr","locations":[{"start":{"line":134,"column":54},"end":{"line":134,"column":63}},{"start":{"line":134,"column":63},"end":{"line":134,"column":70}}],"line":134},"17":{"loc":{"start":{"line":152,"column":8},"end":{"line":152,"column":null}},"type":"if","locations":[{"start":{"line":152,"column":8},"end":{"line":152,"column":null}},{"start":{},"end":{}}],"line":152},"18":{"loc":{"start":{"line":168,"column":8},"end":{"line":168,"column":null}},"type":"if","locations":[{"start":{"line":168,"column":8},"end":{"line":168,"column":null}},{"start":{},"end":{}}],"line":168},"19":{"loc":{"start":{"line":171,"column":8},"end":{"line":171,"column":null}},"type":"if","locations":[{"start":{"line":171,"column":8},"end":{"line":171,"column":null}},{"start":{},"end":{}}],"line":171},"20":{"loc":{"start":{"line":178,"column":15},"end":{"line":178,"column":null}},"type":"binary-expr","locations":[{"start":{"line":178,"column":15},"end":{"line":178,"column":36}},{"start":{"line":178,"column":36},"end":{"line":178,"column":null}}],"line":178},"21":{"loc":{"start":{"line":179,"column":22},"end":{"line":179,"column":null}},"type":"binary-expr","locations":[{"start":{"line":179,"column":22},"end":{"line":179,"column":44}},{"start":{"line":179,"column":44},"end":{"line":179,"column":null}}],"line":179},"22":{"loc":{"start":{"line":180,"column":23},"end":{"line":180,"column":null}},"type":"binary-expr","locations":[{"start":{"line":180,"column":23},"end":{"line":180,"column":46}},{"start":{"line":180,"column":46},"end":{"line":180,"column":null}}],"line":180},"23":{"loc":{"start":{"line":181,"column":24},"end":{"line":181,"column":null}},"type":"binary-expr","locations":[{"start":{"line":181,"column":24},"end":{"line":181,"column":48}},{"start":{"line":181,"column":48},"end":{"line":181,"column":null}}],"line":181},"24":{"loc":{"start":{"line":183,"column":23},"end":{"line":183,"column":null}},"type":"binary-expr","locations":[{"start":{"line":183,"column":23},"end":{"line":183,"column":46}},{"start":{"line":183,"column":46},"end":{"line":183,"column":null}}],"line":183},"25":{"loc":{"start":{"line":184,"column":21},"end":{"line":184,"column":null}},"type":"binary-expr","locations":[{"start":{"line":184,"column":21},"end":{"line":184,"column":53}},{"start":{"line":184,"column":53},"end":{"line":184,"column":null}}],"line":184},"26":{"loc":{"start":{"line":187,"column":22},"end":{"line":187,"column":null}},"type":"binary-expr","locations":[{"start":{"line":187,"column":22},"end":{"line":187,"column":49}},{"start":{"line":187,"column":49},"end":{"line":187,"column":null}}],"line":187},"27":{"loc":{"start":{"line":188,"column":22},"end":{"line":188,"column":null}},"type":"binary-expr","locations":[{"start":{"line":188,"column":22},"end":{"line":188,"column":48}},{"start":{"line":188,"column":48},"end":{"line":188,"column":null}}],"line":188},"28":{"loc":{"start":{"line":189,"column":21},"end":{"line":189,"column":null}},"type":"binary-expr","locations":[{"start":{"line":189,"column":21},"end":{"line":189,"column":46}},{"start":{"line":189,"column":46},"end":{"line":189,"column":null}}],"line":189},"29":{"loc":{"start":{"line":198,"column":21},"end":{"line":204,"column":null}},"type":"cond-expr","locations":[{"start":{"line":199,"column":24},"end":{"line":202,"column":null}},{"start":{"line":204,"column":24},"end":{"line":204,"column":null}}],"line":198},"30":{"loc":{"start":{"line":208,"column":17},"end":{"line":215,"column":null}},"type":"binary-expr","locations":[{"start":{"line":208,"column":17},"end":{"line":208,"column":null}},{"start":{"line":209,"column":20},"end":{"line":215,"column":null}}],"line":208},"31":{"loc":{"start":{"line":214,"column":25},"end":{"line":214,"column":null}},"type":"cond-expr","locations":[{"start":{"line":214,"column":40},"end":{"line":214,"column":55}},{"start":{"line":214,"column":55},"end":{"line":214,"column":null}}],"line":214},"32":{"loc":{"start":{"line":235,"column":17},"end":{"line":334,"column":null}},"type":"binary-expr","locations":[{"start":{"line":235,"column":17},"end":{"line":235,"column":null}},{"start":{"line":236,"column":20},"end":{"line":334,"column":null}}],"line":235},"33":{"loc":{"start":{"line":243,"column":29},"end":{"line":249,"column":null}},"type":"binary-expr","locations":[{"start":{"line":243,"column":29},"end":{"line":243,"column":null}},{"start":{"line":244,"column":32},"end":{"line":249,"column":null}}],"line":243},"34":{"loc":{"start":{"line":245,"column":65},"end":{"line":245,"column":105}},"type":"cond-expr","locations":[{"start":{"line":245,"column":89},"end":{"line":245,"column":99}},{"start":{"line":245,"column":99},"end":{"line":245,"column":105}}],"line":245},"35":{"loc":{"start":{"line":251,"column":114},"end":{"line":251,"column":156}},"type":"cond-expr","locations":[{"start":{"line":251,"column":138},"end":{"line":251,"column":149}},{"start":{"line":251,"column":149},"end":{"line":251,"column":156}}],"line":251},"36":{"loc":{"start":{"line":252,"column":33},"end":{"line":252,"column":null}},"type":"cond-expr","locations":[{"start":{"line":252,"column":57},"end":{"line":252,"column":73}},{"start":{"line":252,"column":73},"end":{"line":252,"column":null}}],"line":252},"37":{"loc":{"start":{"line":252,"column":73},"end":{"line":252,"column":null}},"type":"cond-expr","locations":[{"start":{"line":252,"column":98},"end":{"line":252,"column":121}},{"start":{"line":252,"column":121},"end":{"line":252,"column":null}}],"line":252},"38":{"loc":{"start":{"line":262,"column":76},"end":{"line":262,"column":126}},"type":"cond-expr","locations":[{"start":{"line":262,"column":100},"end":{"line":262,"column":108}},{"start":{"line":262,"column":108},"end":{"line":262,"column":126}}],"line":262},"39":{"loc":{"start":{"line":263,"column":29},"end":{"line":281,"column":null}},"type":"binary-expr","locations":[{"start":{"line":263,"column":29},"end":{"line":263,"column":null}},{"start":{"line":264,"column":32},"end":{"line":281,"column":null}}],"line":263},"40":{"loc":{"start":{"line":271,"column":57},"end":{"line":271,"column":null}},"type":"cond-expr","locations":[{"start":{"line":271,"column":84},"end":{"line":271,"column":96}},{"start":{"line":271,"column":96},"end":{"line":271,"column":null}}],"line":271},"41":{"loc":{"start":{"line":273,"column":56},"end":{"line":273,"column":null}},"type":"cond-expr","locations":[{"start":{"line":273,"column":83},"end":{"line":273,"column":95}},{"start":{"line":273,"column":95},"end":{"line":273,"column":null}}],"line":273},"42":{"loc":{"start":{"line":274,"column":51},"end":{"line":274,"column":null}},"type":"cond-expr","locations":[{"start":{"line":274,"column":78},"end":{"line":274,"column":90}},{"start":{"line":274,"column":90},"end":{"line":274,"column":null}}],"line":274},"43":{"loc":{"start":{"line":283,"column":29},"end":{"line":301,"column":null}},"type":"binary-expr","locations":[{"start":{"line":283,"column":29},"end":{"line":283,"column":null}},{"start":{"line":284,"column":32},"end":{"line":301,"column":null}}],"line":283},"44":{"loc":{"start":{"line":291,"column":57},"end":{"line":291,"column":null}},"type":"cond-expr","locations":[{"start":{"line":291,"column":82},"end":{"line":291,"column":94}},{"start":{"line":291,"column":94},"end":{"line":291,"column":null}}],"line":291},"45":{"loc":{"start":{"line":293,"column":56},"end":{"line":293,"column":null}},"type":"cond-expr","locations":[{"start":{"line":293,"column":81},"end":{"line":293,"column":93}},{"start":{"line":293,"column":93},"end":{"line":293,"column":null}}],"line":293},"46":{"loc":{"start":{"line":294,"column":51},"end":{"line":294,"column":null}},"type":"cond-expr","locations":[{"start":{"line":294,"column":76},"end":{"line":294,"column":88}},{"start":{"line":294,"column":88},"end":{"line":294,"column":null}}],"line":294},"47":{"loc":{"start":{"line":303,"column":29},"end":{"line":331,"column":null}},"type":"binary-expr","locations":[{"start":{"line":303,"column":29},"end":{"line":303,"column":54}},{"start":{"line":303,"column":54},"end":{"line":303,"column":73}},{"start":{"line":303,"column":73},"end":{"line":303,"column":null}},{"start":{"line":303,"column":94},"end":{"line":331,"column":null}}],"line":303},"48":{"loc":{"start":{"line":345,"column":32},"end":{"line":345,"column":67}},"type":"cond-expr","locations":[{"start":{"line":345,"column":44},"end":{"line":345,"column":56}},{"start":{"line":345,"column":56},"end":{"line":345,"column":67}}],"line":345},"49":{"loc":{"start":{"line":345,"column":76},"end":{"line":345,"column":null}},"type":"cond-expr","locations":[{"start":{"line":345,"column":88},"end":{"line":345,"column":92}},{"start":{"line":345,"column":92},"end":{"line":345,"column":null}}],"line":345},"50":{"loc":{"start":{"line":353,"column":51},"end":{"line":353,"column":94}},"type":"cond-expr","locations":[{"start":{"line":353,"column":80},"end":{"line":353,"column":89}},{"start":{"line":353,"column":89},"end":{"line":353,"column":94}}],"line":353},"51":{"loc":{"start":{"line":357,"column":58},"end":{"line":357,"column":100}},"type":"cond-expr","locations":[{"start":{"line":357,"column":87},"end":{"line":357,"column":96}},{"start":{"line":357,"column":96},"end":{"line":357,"column":100}}],"line":357},"52":{"loc":{"start":{"line":365,"column":29},"end":{"line":372,"column":null}},"type":"binary-expr","locations":[{"start":{"line":365,"column":29},"end":{"line":365,"column":44}},{"start":{"line":365,"column":44},"end":{"line":372,"column":null}}],"line":365},"53":{"loc":{"start":{"line":379,"column":29},"end":{"line":389,"column":null}},"type":"binary-expr","locations":[{"start":{"line":379,"column":29},"end":{"line":379,"column":null}},{"start":{"line":380,"column":32},"end":{"line":389,"column":null}}],"line":379},"54":{"loc":{"start":{"line":391,"column":29},"end":{"line":400,"column":null}},"type":"binary-expr","locations":[{"start":{"line":391,"column":29},"end":{"line":391,"column":null}},{"start":{"line":392,"column":32},"end":{"line":400,"column":null}}],"line":391},"55":{"loc":{"start":{"line":413,"column":32},"end":{"line":413,"column":null}},"type":"if","locations":[{"start":{"line":413,"column":32},"end":{"line":413,"column":null}},{"start":{},"end":{}}],"line":413},"56":{"loc":{"start":{"line":416,"column":49},"end":{"line":416,"column":null}},"type":"binary-expr","locations":[{"start":{"line":416,"column":49},"end":{"line":416,"column":72}},{"start":{"line":416,"column":72},"end":{"line":416,"column":null}}],"line":416},"57":{"loc":{"start":{"line":419,"column":32},"end":{"line":452,"column":null}},"type":"if","locations":[{"start":{"line":419,"column":32},"end":{"line":452,"column":null}},{"start":{},"end":{}}],"line":419},"58":{"loc":{"start":{"line":419,"column":36},"end":{"line":419,"column":78}},"type":"binary-expr","locations":[{"start":{"line":419,"column":36},"end":{"line":419,"column":61}},{"start":{"line":419,"column":61},"end":{"line":419,"column":78}}],"line":419},"59":{"loc":{"start":{"line":425,"column":73},"end":{"line":425,"column":100}},"type":"cond-expr","locations":[{"start":{"line":425,"column":92},"end":{"line":425,"column":99}},{"start":{"line":425,"column":99},"end":{"line":425,"column":100}}],"line":425},"60":{"loc":{"start":{"line":426,"column":62},"end":{"line":426,"column":82}},"type":"cond-expr","locations":[{"start":{"line":426,"column":73},"end":{"line":426,"column":79}},{"start":{"line":426,"column":79},"end":{"line":426,"column":82}}],"line":426},"61":{"loc":{"start":{"line":441,"column":64},"end":{"line":441,"column":null}},"type":"cond-expr","locations":[{"start":{"line":441,"column":77},"end":{"line":441,"column":86}},{"start":{"line":441,"column":86},"end":{"line":441,"column":null}}],"line":441},"62":{"loc":{"start":{"line":442,"column":69},"end":{"line":442,"column":null}},"type":"cond-expr","locations":[{"start":{"line":442,"column":82},"end":{"line":442,"column":86}},{"start":{"line":442,"column":86},"end":{"line":442,"column":null}}],"line":442},"63":{"loc":{"start":{"line":467,"column":62},"end":{"line":467,"column":95}},"type":"cond-expr","locations":[{"start":{"line":467,"column":84},"end":{"line":467,"column":91}},{"start":{"line":467,"column":91},"end":{"line":467,"column":95}}],"line":467},"64":{"loc":{"start":{"line":473,"column":41},"end":{"line":484,"column":null}},"type":"binary-expr","locations":[{"start":{"line":473,"column":41},"end":{"line":473,"column":null}},{"start":{"line":474,"column":44},"end":{"line":484,"column":null}}],"line":473},"65":{"loc":{"start":{"line":493,"column":32},"end":{"line":493,"column":null}},"type":"if","locations":[{"start":{"line":493,"column":32},"end":{"line":493,"column":null}},{"start":{},"end":{}}],"line":493},"66":{"loc":{"start":{"line":517,"column":32},"end":{"line":517,"column":70}},"type":"cond-expr","locations":[{"start":{"line":517,"column":47},"end":{"line":517,"column":59}},{"start":{"line":517,"column":59},"end":{"line":517,"column":70}}],"line":517},"67":{"loc":{"start":{"line":517,"column":79},"end":{"line":517,"column":null}},"type":"cond-expr","locations":[{"start":{"line":517,"column":94},"end":{"line":517,"column":98}},{"start":{"line":517,"column":98},"end":{"line":517,"column":null}}],"line":517}},"s":{"0":1,"1":11,"2":11,"3":11,"4":11,"5":5,"6":5,"7":0,"8":0,"9":0,"10":0,"11":0,"12":0,"13":0,"14":0,"15":0,"16":0,"17":0,"18":0,"19":11,"20":5,"21":15,"22":5,"23":0,"24":11,"25":11,"26":11,"27":11,"28":11,"29":11,"30":11,"31":5,"32":5,"33":5,"34":5,"35":5,"36":0,"37":5,"38":5,"39":0,"40":0,"41":0,"42":0,"43":0,"44":0,"45":11,"46":5,"47":5,"48":11,"49":0,"50":0,"51":0,"52":11,"53":0,"54":0,"55":0,"56":0,"57":11,"58":0,"59":0,"60":0,"61":0,"62":11,"63":0,"64":0,"65":0,"66":0,"67":11,"68":10,"69":11,"70":10,"71":10,"72":10,"73":10,"74":11,"75":11,"76":11,"77":11,"78":11,"79":10,"80":30,"81":11,"82":10,"83":30,"84":10,"85":11,"86":0,"87":0,"88":0,"89":0,"90":0,"91":0,"92":0,"93":0,"94":0,"95":0,"96":0,"97":11,"98":0,"99":0,"100":0,"101":11,"102":0,"103":0,"104":0,"105":11,"106":11,"107":11,"108":11,"109":11,"110":11,"111":11,"112":11,"113":11,"114":11,"115":11,"116":11,"117":11,"118":0,"119":0,"120":0,"121":0,"122":0,"123":0,"124":0,"125":0,"126":0,"127":0,"128":0,"129":55,"130":33,"131":33,"132":33,"133":33,"134":33,"135":33,"136":33,"137":0,"138":33,"139":33,"140":33,"141":0,"142":0,"143":0,"144":0,"145":0,"146":0,"147":0,"148":0,"149":0,"150":0,"151":33,"152":1,"153":33,"154":33,"155":0,"156":33},"f":{"0":11,"1":5,"2":0,"3":5,"4":15,"5":0,"6":5,"7":5,"8":0,"9":5,"10":0,"11":0,"12":0,"13":0,"14":0,"15":0,"16":10,"17":10,"18":10,"19":30,"20":10,"21":30,"22":0,"23":0,"24":0,"25":0,"26":0,"27":0,"28":0,"29":0,"30":0,"31":0,"32":0,"33":0,"34":0,"35":0,"36":55,"37":33,"38":0,"39":0,"40":0,"41":0,"42":1,"43":33},"b":{"0":[11],"1":[11],"2":[11],"3":[11],"4":[11],"5":[5,0],"6":[0,0],"7":[0,0],"8":[0,0],"9":[0,0],"10":[11,0],"11":[5,0],"12":[0,5],"13":[5,5],"14":[0,0],"15":[0,0],"16":[11,0],"17":[0,0],"18":[0,0],"19":[0,0],"20":[11,9],"21":[11,11],"22":[11,11],"23":[11,11],"24":[11,11],"25":[11,11],"26":[11,11],"27":[11,11],"28":[11,11],"29":[1,10],"30":[11,0],"31":[0,0],"32":[11,0],"33":[0,0],"34":[0,0],"35":[0,0],"36":[0,0],"37":[0,0],"38":[0,0],"39":[0,0],"40":[0,0],"41":[0,0],"42":[0,0],"43":[0,0],"44":[0,0],"45":[0,0],"46":[0,0],"47":[0,0,0,0],"48":[0,11],"49":[0,11],"50":[11,0],"51":[11,0],"52":[11,11],"53":[11,2],"54":[11,2],"55":[0,33],"56":[33,3],"57":[0,33],"58":[33,0],"59":[0,0],"60":[0,0],"61":[0,0],"62":[0,0],"63":[0,1],"64":[33,1],"65":[0,33],"66":[0,11],"67":[0,11]},"meta":{"lastBranch":68,"lastFunction":44,"lastStatement":157,"seen":{"s:9:59:526:Infinity":0,"f:9:59:9:60":0,"b:11:11:11:Infinity":0,"b:12:14:12:Infinity":1,"b:18:13:18:Infinity":2,"b:19:12:19:Infinity":3,"b:20:16:20:Infinity":4,"s:24:36:24:Infinity":1,"s:25:40:25:Infinity":2,"s:26:36:26:Infinity":3,"s:29:10:45:Infinity":4,"f:29:36:29:42":1,"b:30:8:30:Infinity:undefined:undefined:undefined:undefined":5,"s:30:8:30:Infinity":5,"s:30:30:30:Infinity":6,"s:31:8:44:Infinity":7,"f:31:27:31:32":2,"s:32:28:32:Infinity":8,"s:33:25:33:Infinity":9,"b:34:12:34:Infinity:undefined:undefined:undefined:undefined":6,"s:34:12:34:Infinity":10,"s:34:51:34:Infinity":11,"b:35:12:35:Infinity:undefined:undefined:undefined:undefined":7,"s:35:12:35:Infinity":12,"b:35:16:35:45:35:37:35:82":8,"s:35:82:35:Infinity":13,"b:37:12:41:Infinity:undefined:undefined:undefined:undefined":9,"s:37:12:41:Infinity":14,"s:38:30:38:Infinity":15,"s:39:22:39:Infinity":16,"s:40:16:40:Infinity":17,"s:43:12:43:Infinity":18,"s:48:10:51:Infinity":19,"f:48:35:48:41":3,"s:49:22:49:Infinity":20,"f:49:39:49:44":4,"s:49:39:49:89":21,"s:50:8:50:Infinity":22,"f:50:38:50:39":5,"s:50:48:50:53":23,"s:53:10:53:Infinity":24,"s:54:36:54:Infinity":25,"s:55:38:55:Infinity":26,"s:56:40:56:Infinity":27,"s:59:26:59:Infinity":28,"b:59:45:59:50:59:50:59:Infinity":10,"s:60:40:60:Infinity":29,"s:62:4:86:Infinity":30,"f:62:14:62:20":6,"s:63:8:63:Infinity":31,"s:64:8:64:Infinity":32,"b:68:8:84:Infinity:76:8:84:Infinity":11,"s:68:8:84:Infinity":33,"s:69:12:74:Infinity":34,"f:69:26:69:34":7,"b:70:16:72:Infinity:undefined:undefined:undefined:undefined":12,"s:70:16:72:Infinity":35,"b:70:20:70:43:70:43:70:72":13,"s:71:20:71:Infinity":36,"s:73:16:73:Infinity":37,"s:75:12:75:Infinity":38,"b:76:8:84:Infinity:undefined:undefined:undefined:undefined":14,"s:76:8:84:Infinity":39,"s:77:12:82:Infinity":40,"f:77:26:77:34":8,"b:78:16:80:Infinity:undefined:undefined:undefined:undefined":15,"s:78:16:80:Infinity":41,"s:79:20:79:Infinity":42,"s:81:16:81:Infinity":43,"s:83:12:83:Infinity":44,"s:89:4:92:Infinity":45,"f:89:14:89:20":9,"s:90:8:90:Infinity":46,"s:91:8:91:Infinity":47,"s:94:29:98:Infinity":48,"f:94:29:94:30":10,"s:95:8:95:Infinity":49,"s:96:8:96:Infinity":50,"s:97:8:97:Infinity":51,"s:100:30:104:Infinity":52,"f:100:30:100:31":11,"s:101:8:101:Infinity":53,"f:101:22:101:31":12,"s:101:31:101:83":54,"s:102:8:102:Infinity":55,"s:103:8:103:Infinity":56,"s:106:29:110:Infinity":57,"f:106:29:106:30":13,"s:107:8:107:Infinity":58,"f:107:22:107:31":14,"s:107:31:107:69":59,"s:108:8:108:Infinity":60,"s:109:8:109:Infinity":61,"s:112:24:117:Infinity":62,"f:112:24:112:30":15,"s:113:8:113:Infinity":63,"s:114:8:114:Infinity":64,"s:115:8:115:Infinity":65,"s:116:8:116:Infinity":66,"s:120:10:120:Infinity":67,"f:120:28:120:34":16,"s:120:34:120:70":68,"s:121:10:126:Infinity":69,"f:121:32:121:38":17,"s:122:25:122:Infinity":70,"s:123:22:123:Infinity":71,"s:124:20:124:Infinity":72,"s:125:8:125:Infinity":73,"s:129:19:129:Infinity":74,"s:132:26:132:Infinity":75,"s:133:23:133:Infinity":76,"s:134:10:134:Infinity":77,"b:134:54:134:63:134:63:134:70":16,"s:137:10:142:Infinity":78,"f:137:27:137:33":18,"s:138:8:141:Infinity":79,"f:139:36:139:41":19,"s:139:41:139:45":80,"s:144:10:149:Infinity":81,"f:144:27:144:33":20,"s:145:23:145:Infinity":82,"f:145:51:145:56":21,"s:145:56:145:63":83,"s:146:8:148:Infinity":84,"s:151:26:165:Infinity":85,"f:151:26:151:38":22,"b:152:8:152:Infinity:undefined:undefined:undefined:undefined":17,"s:152:8:152:Infinity":86,"s:152:35:152:Infinity":87,"s:153:8:153:Infinity":88,"s:154:8:164:Infinity":89,"s:155:28:155:Infinity":90,"s:156:32:156:Infinity":91,"s:157:26:157:Infinity":92,"s:158:12:158:Infinity":93,"s:159:12:159:Infinity":94,"s:161:12:161:Infinity":95,"s:163:12:163:Infinity":96,"s:167:23:169:Infinity":97,"f:167:23:167:29":23,"b:168:8:168:Infinity:undefined:undefined:undefined:undefined":18,"s:168:8:168:Infinity":98,"s:168:30:168:Infinity":99,"f:168:46:168:51":24,"s:168:51:168:69":100,"s:170:23:172:Infinity":101,"f:170:23:170:29":25,"b:171:8:171:Infinity:undefined:undefined:undefined:undefined":19,"s:171:8:171:Infinity":102,"s:171:59:171:Infinity":103,"f:171:75:171:80":26,"s:171:80:171:85":104,"s:174:22:174:Infinity":105,"s:175:25:175:Infinity":106,"s:178:15:178:Infinity":107,"b:178:15:178:36:178:36:178:Infinity":20,"s:179:22:179:Infinity":108,"b:179:22:179:44:179:44:179:Infinity":21,"s:180:23:180:Infinity":109,"b:180:23:180:46:180:46:180:Infinity":22,"s:181:24:181:Infinity":110,"b:181:24:181:48:181:48:181:Infinity":23,"s:183:23:183:Infinity":111,"b:183:23:183:46:183:46:183:Infinity":24,"s:184:21:184:Infinity":112,"b:184:21:184:53:184:53:184:Infinity":25,"s:185:24:185:Infinity":113,"s:187:22:187:Infinity":114,"b:187:22:187:49:187:49:187:Infinity":26,"s:188:22:188:Infinity":115,"b:188:22:188:48:188:48:188:Infinity":27,"s:189:21:189:Infinity":116,"b:189:21:189:46:189:46:189:Infinity":28,"s:191:4:524:Infinity":117,"b:199:24:202:Infinity:204:24:204:Infinity":29,"b:208:17:208:Infinity:209:20:215:Infinity":30,"b:214:40:214:55:214:55:214:Infinity":31,"f:220:29:220:35":27,"s:220:35:220:Infinity":118,"b:235:17:235:Infinity:236:20:334:Infinity":32,"b:243:29:243:Infinity:244:32:249:Infinity":33,"f:245:45:245:51":28,"s:245:51:245:Infinity":119,"b:245:89:245:99:245:99:245:105":34,"b:251:138:251:149:251:149:251:156":35,"b:252:57:252:73:252:73:252:Infinity":36,"b:252:98:252:121:252:121:252:Infinity":37,"f:255:41:255:47":29,"s:255:49:255:64":120,"b:262:100:262:108:262:108:262:126":38,"b:263:29:263:Infinity:264:32:281:Infinity":39,"f:264:51:264:Infinity":30,"s:265:36:280:Infinity":121,"f:267:49:267:55":31,"s:267:55:267:Infinity":122,"b:271:84:271:96:271:96:271:Infinity":40,"b:273:83:273:95:273:95:273:Infinity":41,"b:274:78:274:90:274:90:274:Infinity":42,"b:283:29:283:Infinity:284:32:301:Infinity":43,"f:284:63:284:64":32,"s:285:36:300:Infinity":123,"f:287:49:287:55":33,"s:287:55:287:Infinity":124,"b:291:82:291:94:291:94:291:Infinity":44,"b:293:81:293:93:293:93:293:Infinity":45,"b:294:76:294:88:294:88:294:Infinity":46,"b:303:29:303:54:303:54:303:73:303:73:303:Infinity:303:94:331:Infinity":47,"f:307:39:307:40":34,"s:310:42:310:Infinity":125,"s:311:50:311:Infinity":126,"s:312:36:329:Infinity":127,"f:315:53:315:59":35,"s:315:59:315:Infinity":128,"b:345:44:345:56:345:56:345:67":48,"b:345:88:345:92:345:92:345:Infinity":49,"b:353:80:353:89:353:89:353:94":50,"b:357:87:357:96:357:96:357:100":51,"b:365:29:365:44:365:44:372:Infinity":52,"f:365:64:365:Infinity":36,"s:366:32:371:Infinity":129,"b:379:29:379:Infinity:380:32:389:Infinity":53,"b:391:29:391:Infinity:392:32:400:Infinity":54,"f:404:45:404:46":37,"s:405:46:405:Infinity":130,"s:406:50:406:Infinity":131,"s:407:49:407:Infinity":132,"s:408:42:408:Infinity":133,"s:410:47:410:Infinity":134,"s:411:55:411:Infinity":135,"b:413:32:413:Infinity:undefined:undefined:undefined:undefined":55,"s:413:32:413:Infinity":136,"s:413:57:413:Infinity":137,"s:415:51:415:Infinity":138,"s:416:49:416:Infinity":139,"b:416:49:416:72:416:72:416:Infinity":56,"b:419:32:452:Infinity:undefined:undefined:undefined:undefined":57,"s:419:32:452:Infinity":140,"b:419:36:419:61:419:61:419:78":58,"s:420:51:420:Infinity":141,"s:421:36:450:Infinity":142,"f:423:58:423:64":38,"s:423:64:423:Infinity":143,"f:424:58:424:64":39,"s:424:64:424:Infinity":144,"f:425:53:425:59":40,"s:425:59:425:Infinity":145,"b:425:92:425:99:425:99:425:100":59,"b:426:73:426:79:426:79:426:82":60,"f:428:65:428:66":41,"s:429:70:429:Infinity":146,"s:430:65:430:Infinity":147,"s:432:52:443:Infinity":148,"b:441:77:441:86:441:86:441:Infinity":61,"b:442:82:442:86:442:86:442:Infinity":62,"s:445:48:445:Infinity":149,"s:446:48:446:Infinity":150,"s:455:32:486:Infinity":151,"f:466:53:466:54":42,"s:467:48:467:Infinity":152,"b:467:84:467:91:467:91:467:95":63,"b:473:41:473:Infinity:474:44:484:Infinity":64,"f:491:45:491:46":43,"s:492:42:492:Infinity":153,"b:493:32:493:Infinity:undefined:undefined:undefined:undefined":65,"s:493:32:493:Infinity":154,"s:493:53:493:Infinity":155,"s:494:32:504:Infinity":156,"b:517:47:517:59:517:59:517:70":66,"b:517:94:517:98:517:98:517:Infinity":67}}}
,"/Users/pratikshadoshi/Downloads/Projects/smart-bar-chart/src/lib/components/Bar.tsx": {"path":"/Users/pratikshadoshi/Downloads/Projects/smart-bar-chart/src/lib/components/Bar.tsx","statementMap":{"0":{"start":{"line":20,"column":39},"end":{"line":51,"column":null}},"1":{"start":{"line":23,"column":10},"end":{"line":27,"column":null}},"2":{"start":{"line":24,"column":8},"end":{"line":24,"column":null}},"3":{"start":{"line":24,"column":31},"end":{"line":24,"column":null}},"4":{"start":{"line":25,"column":8},"end":{"line":25,"column":null}},"5":{"start":{"line":25,"column":22},"end":{"line":25,"column":null}},"6":{"start":{"line":26,"column":8},"end":{"line":26,"column":null}},"7":{"start":{"line":29,"column":4},"end":{"line":49,"column":null}},"8":{"start":{"line":39,"column":27},"end":{"line":39,"column":null}},"9":{"start":{"line":40,"column":32},"end":{"line":40,"column":null}},"10":{"start":{"line":41,"column":32},"end":{"line":41,"column":null}}},"fnMap":{"0":{"name":"(anonymous_0)","decl":{"start":{"line":20,"column":39},"end":{"line":20,"column":40}},"loc":{"start":{"line":22,"column":6},"end":{"line":51,"column":null}},"line":22},"1":{"name":"(anonymous_1)","decl":{"start":{"line":23,"column":30},"end":{"line":23,"column":36}},"loc":{"start":{"line":23,"column":36},"end":{"line":27,"column":7}},"line":23},"2":{"name":"(anonymous_2)","decl":{"start":{"line":39,"column":21},"end":{"line":39,"column":27}},"loc":{"start":{"line":39,"column":27},"end":{"line":39,"column":null}},"line":39},"3":{"name":"(anonymous_3)","decl":{"start":{"line":40,"column":26},"end":{"line":40,"column":32}},"loc":{"start":{"line":40,"column":32},"end":{"line":40,"column":null}},"line":40},"4":{"name":"(anonymous_4)","decl":{"start":{"line":41,"column":26},"end":{"line":41,"column":32}},"loc":{"start":{"line":41,"column":32},"end":{"line":41,"column":null}},"line":41}},"branchMap":{"0":{"loc":{"start":{"line":24,"column":8},"end":{"line":24,"column":null}},"type":"if","locations":[{"start":{"line":24,"column":8},"end":{"line":24,"column":null}},{"start":{},"end":{}}],"line":24},"1":{"loc":{"start":{"line":25,"column":8},"end":{"line":25,"column":null}},"type":"if","locations":[{"start":{"line":25,"column":8},"end":{"line":25,"column":null}},{"start":{},"end":{}}],"line":25},"2":{"loc":{"start":{"line":26,"column":15},"end":{"line":26,"column":null}},"type":"binary-expr","locations":[{"start":{"line":26,"column":15},"end":{"line":26,"column":29}},{"start":{"line":26,"column":29},"end":{"line":26,"column":null}}],"line":26},"3":{"loc":{"start":{"line":43,"column":25},"end":{"line":43,"column":null}},"type":"cond-expr","locations":[{"start":{"line":43,"column":36},"end":{"line":43,"column":43}},{"start":{"line":43,"column":43},"end":{"line":43,"column":null}}],"line":43},"4":{"loc":{"start":{"line":43,"column":43},"end":{"line":43,"column":null}},"type":"cond-expr","locations":[{"start":{"line":43,"column":63},"end":{"line":43,"column":69}},{"start":{"line":43,"column":69},"end":{"line":43,"column":null}}],"line":43},"5":{"loc":{"start":{"line":44,"column":24},"end":{"line":44,"column":null}},"type":"cond-expr","locations":[{"start":{"line":44,"column":35},"end":{"line":44,"column":47}},{"start":{"line":44,"column":47},"end":{"line":44,"column":null}}],"line":44},"6":{"loc":{"start":{"line":45,"column":29},"end":{"line":45,"column":null}},"type":"cond-expr","locations":[{"start":{"line":45,"column":40},"end":{"line":45,"column":44}},{"start":{"line":45,"column":44},"end":{"line":45,"column":null}}],"line":45}},"s":{"0":1,"1":33,"2":16,"3":0,"4":16,"5":1,"6":15,"7":33,"8":1,"9":0,"10":0},"f":{"0":33,"1":16,"2":1,"3":0,"4":0},"b":{"0":[0,16],"1":[1,15],"2":[15,0],"3":[2,31],"4":[0,31],"5":[1,32],"6":[1,32]},"meta":{"lastBranch":7,"lastFunction":5,"lastStatement":11,"seen":{"s:20:39:51:Infinity":0,"f:20:39:20:40":0,"s:23:10:27:Infinity":1,"f:23:30:23:36":1,"b:24:8:24:Infinity:undefined:undefined:undefined:undefined":0,"s:24:8:24:Infinity":2,"s:24:31:24:Infinity":3,"b:25:8:25:Infinity:undefined:undefined:undefined:undefined":1,"s:25:8:25:Infinity":4,"s:25:22:25:Infinity":5,"s:26:8:26:Infinity":6,"b:26:15:26:29:26:29:26:Infinity":2,"s:29:4:49:Infinity":7,"f:39:21:39:27":2,"s:39:27:39:Infinity":8,"f:40:26:40:32":3,"s:40:32:40:Infinity":9,"f:41:26:41:32":4,"s:41:32:41:Infinity":10,"b:43:36:43:43:43:43:43:Infinity":3,"b:43:63:43:69:43:69:43:Infinity":4,"b:44:35:44:47:44:47:44:Infinity":5,"b:45:40:45:44:45:44:45:Infinity":6}}}
,"/Users/pratikshadoshi/Downloads/Projects/smart-bar-chart/src/lib/hooks/useChartData.ts": {"path":"/Users/pratikshadoshi/Downloads/Projects/smart-bar-chart/src/lib/hooks/useChartData.ts","statementMap":{"0":{"start":{"line":17,"column":24},"end":{"line":17,"column":null}},"1":{"start":{"line":19,"column":28},"end":{"line":212,"column":null}},"2":{"start":{"line":20,"column":10},"end":{"line":209,"column":null}},"3":{"start":{"line":21,"column":8},"end":{"line":21,"column":null}},"4":{"start":{"line":21,"column":40},"end":{"line":21,"column":null}},"5":{"start":{"line":23,"column":42},"end":{"line":55,"column":null}},"6":{"start":{"line":24,"column":28},"end":{"line":24,"column":null}},"7":{"start":{"line":25,"column":25},"end":{"line":25,"column":null}},"8":{"start":{"line":28,"column":29},"end":{"line":28,"column":null}},"9":{"start":{"line":29,"column":81},"end":{"line":29,"column":null}},"10":{"start":{"line":31,"column":12},"end":{"line":45,"column":null}},"11":{"start":{"line":33,"column":16},"end":{"line":41,"column":null}},"12":{"start":{"line":34,"column":32},"end":{"line":34,"column":null}},"13":{"start":{"line":35,"column":20},"end":{"line":35,"column":null}},"14":{"start":{"line":36,"column":20},"end":{"line":40,"column":null}},"15":{"start":{"line":44,"column":16},"end":{"line":44,"column":null}},"16":{"start":{"line":47,"column":12},"end":{"line":54,"column":null}},"17":{"start":{"line":57,"column":23},"end":{"line":57,"column":null}},"18":{"start":{"line":57,"column":51},"end":{"line":57,"column":86}},"19":{"start":{"line":60,"column":24},"end":{"line":66,"column":null}},"20":{"start":{"line":61,"column":12},"end":{"line":65,"column":null}},"21":{"start":{"line":62,"column":28},"end":{"line":62,"column":null}},"22":{"start":{"line":63,"column":16},"end":{"line":63,"column":null}},"23":{"start":{"line":64,"column":16},"end":{"line":64,"column":null}},"24":{"start":{"line":69,"column":38},"end":{"line":69,"column":null}},"25":{"start":{"line":71,"column":8},"end":{"line":205,"column":null}},"26":{"start":{"line":72,"column":28},"end":{"line":72,"column":null}},"27":{"start":{"line":72,"column":45},"end":{"line":72,"column":79}},"28":{"start":{"line":73,"column":12},"end":{"line":101,"column":null}},"29":{"start":{"line":74,"column":33},"end":{"line":74,"column":null}},"30":{"start":{"line":75,"column":30},"end":{"line":75,"column":null}},"31":{"start":{"line":76,"column":30},"end":{"line":76,"column":null}},"32":{"start":{"line":76,"column":61},"end":{"line":76,"column":79}},"33":{"start":{"line":78,"column":41},"end":{"line":78,"column":null}},"34":{"start":{"line":79,"column":16},"end":{"line":92,"column":null}},"35":{"start":{"line":80,"column":37},"end":{"line":80,"column":null}},"36":{"start":{"line":81,"column":20},"end":{"line":86,"column":null}},"37":{"start":{"line":82,"column":24},"end":{"line":85,"column":null}},"38":{"start":{"line":83,"column":44},"end":{"line":83,"column":null}},"39":{"start":{"line":84,"column":28},"end":{"line":84,"column":null}},"40":{"start":{"line":87,"column":20},"end":{"line":91,"column":null}},"41":{"start":{"line":87,"column":85},"end":{"line":91,"column":22}},"42":{"start":{"line":94,"column":16},"end":{"line":100,"column":null}},"43":{"start":{"line":102,"column":8},"end":{"line":205,"column":null}},"44":{"start":{"line":104,"column":28},"end":{"line":104,"column":null}},"45":{"start":{"line":104,"column":45},"end":{"line":104,"column":92}},"46":{"start":{"line":105,"column":12},"end":{"line":137,"column":null}},"47":{"start":{"line":106,"column":34},"end":{"line":106,"column":null}},"48":{"start":{"line":107,"column":30},"end":{"line":107,"column":null}},"49":{"start":{"line":108,"column":30},"end":{"line":108,"column":null}},"50":{"start":{"line":108,"column":62},"end":{"line":108,"column":80}},"51":{"start":{"line":110,"column":41},"end":{"line":110,"column":null}},"52":{"start":{"line":111,"column":16},"end":{"line":124,"column":null}},"53":{"start":{"line":112,"column":37},"end":{"line":112,"column":null}},"54":{"start":{"line":113,"column":20},"end":{"line":118,"column":null}},"55":{"start":{"line":114,"column":24},"end":{"line":117,"column":null}},"56":{"start":{"line":115,"column":44},"end":{"line":115,"column":null}},"57":{"start":{"line":116,"column":28},"end":{"line":116,"column":null}},"58":{"start":{"line":119,"column":20},"end":{"line":123,"column":null}},"59":{"start":{"line":119,"column":85},"end":{"line":123,"column":22}},"60":{"start":{"line":126,"column":22},"end":{"line":126,"column":null}},"61":{"start":{"line":127,"column":22},"end":{"line":127,"column":null}},"62":{"start":{"line":128,"column":30},"end":{"line":128,"column":null}},"63":{"start":{"line":130,"column":16},"end":{"line":136,"column":null}},"64":{"start":{"line":138,"column":8},"end":{"line":205,"column":null}},"65":{"start":{"line":140,"column":28},"end":{"line":140,"column":null}},"66":{"start":{"line":140,"column":45},"end":{"line":140,"column":90}},"67":{"start":{"line":141,"column":12},"end":{"line":169,"column":null}},"68":{"start":{"line":142,"column":35},"end":{"line":142,"column":null}},"69":{"start":{"line":143,"column":30},"end":{"line":143,"column":null}},"70":{"start":{"line":144,"column":30},"end":{"line":144,"column":null}},"71":{"start":{"line":144,"column":63},"end":{"line":144,"column":81}},"72":{"start":{"line":146,"column":41},"end":{"line":146,"column":null}},"73":{"start":{"line":147,"column":16},"end":{"line":160,"column":null}},"74":{"start":{"line":148,"column":37},"end":{"line":148,"column":null}},"75":{"start":{"line":149,"column":20},"end":{"line":154,"column":null}},"76":{"start":{"line":150,"column":24},"end":{"line":153,"column":null}},"77":{"start":{"line":151,"column":44},"end":{"line":151,"column":null}},"78":{"start":{"line":152,"column":28},"end":{"line":152,"column":null}},"79":{"start":{"line":155,"column":20},"end":{"line":159,"column":null}},"80":{"start":{"line":155,"column":85},"end":{"line":159,"column":22}},"81":{"start":{"line":162,"column":16},"end":{"line":168,"column":null}},"82":{"start":{"line":170,"column":8},"end":{"line":205,"column":null}},"83":{"start":{"line":172,"column":28},"end":{"line":172,"column":null}},"84":{"start":{"line":172,"column":45},"end":{"line":172,"column":73}},"85":{"start":{"line":173,"column":12},"end":{"line":201,"column":null}},"86":{"start":{"line":174,"column":34},"end":{"line":174,"column":null}},"87":{"start":{"line":175,"column":30},"end":{"line":175,"column":null}},"88":{"start":{"line":176,"column":30},"end":{"line":176,"column":null}},"89":{"start":{"line":176,"column":62},"end":{"line":176,"column":80}},"90":{"start":{"line":178,"column":41},"end":{"line":178,"column":null}},"91":{"start":{"line":179,"column":16},"end":{"line":192,"column":null}},"92":{"start":{"line":180,"column":37},"end":{"line":180,"column":null}},"93":{"start":{"line":181,"column":20},"end":{"line":186,"column":null}},"94":{"start":{"line":182,"column":24},"end":{"line":185,"column":null}},"95":{"start":{"line":183,"column":44},"end":{"line":183,"column":null}},"96":{"start":{"line":184,"column":28},"end":{"line":184,"column":null}},"97":{"start":{"line":187,"column":20},"end":{"line":191,"column":null}},"98":{"start":{"line":187,"column":85},"end":{"line":191,"column":22}},"99":{"start":{"line":194,"column":16},"end":{"line":200,"column":null}},"100":{"start":{"line":204,"column":12},"end":{"line":204,"column":null}},"101":{"start":{"line":207,"column":8},"end":{"line":207,"column":null}},"102":{"start":{"line":211,"column":4},"end":{"line":211,"column":null}}},"fnMap":{"0":{"name":"(anonymous_0)","decl":{"start":{"line":19,"column":28},"end":{"line":19,"column":29}},"loc":{"start":{"line":19,"column":103},"end":{"line":212,"column":null}},"line":19},"1":{"name":"(anonymous_1)","decl":{"start":{"line":20,"column":34},"end":{"line":20,"column":40}},"loc":{"start":{"line":20,"column":40},"end":{"line":209,"column":7}},"line":20},"2":{"name":"(anonymous_2)","decl":{"start":{"line":23,"column":51},"end":{"line":23,"column":52}},"loc":{"start":{"line":23,"column":68},"end":{"line":55,"column":9}},"line":23},"3":{"name":"(anonymous_3)","decl":{"start":{"line":33,"column":39},"end":{"line":33,"column":40}},"loc":{"start":{"line":33,"column":56},"end":{"line":41,"column":17}},"line":33},"4":{"name":"(anonymous_4)","decl":{"start":{"line":57,"column":41},"end":{"line":57,"column":42}},"loc":{"start":{"line":57,"column":51},"end":{"line":57,"column":86}},"line":57},"5":{"name":"(anonymous_5)","decl":{"start":{"line":60,"column":24},"end":{"line":60,"column":28}},"loc":{"start":{"line":60,"column":71},"end":{"line":66,"column":null}},"line":60},"6":{"name":"(anonymous_6)","decl":{"start":{"line":61,"column":32},"end":{"line":61,"column":33}},"loc":{"start":{"line":61,"column":58},"end":{"line":65,"column":15}},"line":61},"7":{"name":"(anonymous_7)","decl":{"start":{"line":72,"column":44},"end":{"line":72,"column":45}},"loc":{"start":{"line":72,"column":45},"end":{"line":72,"column":79}},"line":72},"8":{"name":"(anonymous_8)","decl":{"start":{"line":73,"column":53},"end":{"line":73,"column":54}},"loc":{"start":{"line":73,"column":71},"end":{"line":101,"column":13}},"line":73},"9":{"name":"(anonymous_9)","decl":{"start":{"line":76,"column":46},"end":{"line":76,"column":47}},"loc":{"start":{"line":76,"column":61},"end":{"line":76,"column":79}},"line":76},"10":{"name":"(anonymous_10)","decl":{"start":{"line":81,"column":37},"end":{"line":81,"column":42}},"loc":{"start":{"line":81,"column":42},"end":{"line":86,"column":21}},"line":81},"11":{"name":"(anonymous_11)","decl":{"start":{"line":82,"column":49},"end":{"line":82,"column":54}},"loc":{"start":{"line":82,"column":54},"end":{"line":85,"column":25}},"line":82},"12":{"name":"(anonymous_12)","decl":{"start":{"line":87,"column":69},"end":{"line":87,"column":70}},"loc":{"start":{"line":87,"column":85},"end":{"line":91,"column":22}},"line":87},"13":{"name":"(anonymous_13)","decl":{"start":{"line":104,"column":44},"end":{"line":104,"column":45}},"loc":{"start":{"line":104,"column":45},"end":{"line":104,"column":92}},"line":104},"14":{"name":"(anonymous_14)","decl":{"start":{"line":105,"column":53},"end":{"line":105,"column":54}},"loc":{"start":{"line":105,"column":71},"end":{"line":137,"column":13}},"line":105},"15":{"name":"(anonymous_15)","decl":{"start":{"line":108,"column":47},"end":{"line":108,"column":48}},"loc":{"start":{"line":108,"column":62},"end":{"line":108,"column":80}},"line":108},"16":{"name":"(anonymous_16)","decl":{"start":{"line":113,"column":38},"end":{"line":113,"column":43}},"loc":{"start":{"line":113,"column":43},"end":{"line":118,"column":21}},"line":113},"17":{"name":"(anonymous_17)","decl":{"start":{"line":114,"column":49},"end":{"line":114,"column":54}},"loc":{"start":{"line":114,"column":54},"end":{"line":117,"column":25}},"line":114},"18":{"name":"(anonymous_18)","decl":{"start":{"line":119,"column":69},"end":{"line":119,"column":70}},"loc":{"start":{"line":119,"column":85},"end":{"line":123,"column":22}},"line":119},"19":{"name":"(anonymous_19)","decl":{"start":{"line":140,"column":44},"end":{"line":140,"column":45}},"loc":{"start":{"line":140,"column":45},"end":{"line":140,"column":90}},"line":140},"20":{"name":"(anonymous_20)","decl":{"start":{"line":141,"column":53},"end":{"line":141,"column":54}},"loc":{"start":{"line":141,"column":71},"end":{"line":169,"column":13}},"line":141},"21":{"name":"(anonymous_21)","decl":{"start":{"line":144,"column":48},"end":{"line":144,"column":49}},"loc":{"start":{"line":144,"column":63},"end":{"line":144,"column":81}},"line":144},"22":{"name":"(anonymous_22)","decl":{"start":{"line":149,"column":39},"end":{"line":149,"column":44}},"loc":{"start":{"line":149,"column":44},"end":{"line":154,"column":21}},"line":149},"23":{"name":"(anonymous_23)","decl":{"start":{"line":150,"column":49},"end":{"line":150,"column":54}},"loc":{"start":{"line":150,"column":54},"end":{"line":153,"column":25}},"line":150},"24":{"name":"(anonymous_24)","decl":{"start":{"line":155,"column":69},"end":{"line":155,"column":70}},"loc":{"start":{"line":155,"column":85},"end":{"line":159,"column":22}},"line":155},"25":{"name":"(anonymous_25)","decl":{"start":{"line":172,"column":44},"end":{"line":172,"column":45}},"loc":{"start":{"line":172,"column":45},"end":{"line":172,"column":73}},"line":172},"26":{"name":"(anonymous_26)","decl":{"start":{"line":173,"column":53},"end":{"line":173,"column":54}},"loc":{"start":{"line":173,"column":71},"end":{"line":201,"column":13}},"line":173},"27":{"name":"(anonymous_27)","decl":{"start":{"line":176,"column":47},"end":{"line":176,"column":48}},"loc":{"start":{"line":176,"column":62},"end":{"line":176,"column":80}},"line":176},"28":{"name":"(anonymous_28)","decl":{"start":{"line":181,"column":38},"end":{"line":181,"column":43}},"loc":{"start":{"line":181,"column":43},"end":{"line":186,"column":21}},"line":181},"29":{"name":"(anonymous_29)","decl":{"start":{"line":182,"column":49},"end":{"line":182,"column":54}},"loc":{"start":{"line":182,"column":54},"end":{"line":185,"column":25}},"line":182},"30":{"name":"(anonymous_30)","decl":{"start":{"line":187,"column":69},"end":{"line":187,"column":70}},"loc":{"start":{"line":187,"column":85},"end":{"line":191,"column":22}},"line":187}},"branchMap":{"0":{"loc":{"start":{"line":19,"column":53},"end":{"line":19,"column":78}},"type":"default-arg","locations":[{"start":{"line":19,"column":62},"end":{"line":19,"column":78}}],"line":19},"1":{"loc":{"start":{"line":21,"column":8},"end":{"line":21,"column":null}},"type":"if","locations":[{"start":{"line":21,"column":8},"end":{"line":21,"column":null}},{"start":{},"end":{}}],"line":21},"2":{"loc":{"start":{"line":21,"column":12},"end":{"line":21,"column":40}},"type":"binary-expr","locations":[{"start":{"line":21,"column":12},"end":{"line":21,"column":21}},{"start":{"line":21,"column":21},"end":{"line":21,"column":40}}],"line":21},"3":{"loc":{"start":{"line":25,"column":25},"end":{"line":25,"column":null}},"type":"cond-expr","locations":[{"start":{"line":25,"column":51},"end":{"line":25,"column":61}},{"start":{"line":25,"column":51},"end":{"line":25,"column":null}}],"line":25},"4":{"loc":{"start":{"line":31,"column":12},"end":{"line":45,"column":null}},"type":"if","locations":[{"start":{"line":31,"column":12},"end":{"line":45,"column":null}},{"start":{"line":42,"column":19},"end":{"line":45,"column":null}}],"line":31},"5":{"loc":{"start":{"line":34,"column":32},"end":{"line":34,"column":null}},"type":"binary-expr","locations":[{"start":{"line":34,"column":32},"end":{"line":34,"column":53}},{"start":{"line":34,"column":53},"end":{"line":34,"column":null}}],"line":34},"6":{"loc":{"start":{"line":44,"column":29},"end":{"line":44,"column":null}},"type":"binary-expr","locations":[{"start":{"line":44,"column":29},"end":{"line":44,"column":61}},{"start":{"line":44,"column":61},"end":{"line":44,"column":null}}],"line":44},"7":{"loc":{"start":{"line":48,"column":21},"end":{"line":48,"column":null}},"type":"binary-expr","locations":[{"start":{"line":48,"column":21},"end":{"line":48,"column":43}},{"start":{"line":48,"column":43},"end":{"line":48,"column":null}}],"line":48},"8":{"loc":{"start":{"line":49,"column":24},"end":{"line":49,"column":null}},"type":"binary-expr","locations":[{"start":{"line":49,"column":24},"end":{"line":49,"column":59}},{"start":{"line":49,"column":59},"end":{"line":49,"column":null}}],"line":49},"9":{"loc":{"start":{"line":51,"column":31},"end":{"line":51,"column":null}},"type":"cond-expr","locations":[{"start":{"line":51,"column":58},"end":{"line":51,"column":74}},{"start":{"line":51,"column":74},"end":{"line":51,"column":null}}],"line":51},"10":{"loc":{"start":{"line":52,"column":16},"end":{"line":52,"column":null}},"type":"cond-expr","locations":[{"start":{"line":52,"column":38},"end":{"line":52,"column":45}},{"start":{"line":52,"column":45},"end":{"line":52,"column":null}}],"line":52},"11":{"loc":{"start":{"line":53,"column":23},"end":{"line":53,"column":null}},"type":"cond-expr","locations":[{"start":{"line":53,"column":52},"end":{"line":53,"column":64}},{"start":{"line":53,"column":64},"end":{"line":53,"column":null}}],"line":53},"12":{"loc":{"start":{"line":63,"column":31},"end":{"line":63,"column":50}},"type":"binary-expr","locations":[{"start":{"line":63,"column":31},"end":{"line":63,"column":46}},{"start":{"line":63,"column":46},"end":{"line":63,"column":50}}],"line":63},"13":{"loc":{"start":{"line":71,"column":8},"end":{"line":205,"column":null}},"type":"if","locations":[{"start":{"line":71,"column":8},"end":{"line":205,"column":null}},{"start":{"line":102,"column":8},"end":{"line":205,"column":null}}],"line":71},"14":{"loc":{"start":{"line":79,"column":16},"end":{"line":92,"column":null}},"type":"if","locations":[{"start":{"line":79,"column":16},"end":{"line":92,"column":null}},{"start":{},"end":{}}],"line":79},"15":{"loc":{"start":{"line":83,"column":44},"end":{"line":83,"column":null}},"type":"binary-expr","locations":[{"start":{"line":83,"column":44},"end":{"line":83,"column":67}},{"start":{"line":83,"column":67},"end":{"line":83,"column":null}}],"line":83},"16":{"loc":{"start":{"line":99,"column":35},"end":{"line":99,"column":null}},"type":"cond-expr","locations":[{"start":{"line":99,"column":60},"end":{"line":99,"column":74}},{"start":{"line":99,"column":74},"end":{"line":99,"column":null}}],"line":99},"17":{"loc":{"start":{"line":102,"column":8},"end":{"line":205,"column":null}},"type":"if","locations":[{"start":{"line":102,"column":8},"end":{"line":205,"column":null}},{"start":{"line":138,"column":8},"end":{"line":205,"column":null}}],"line":102},"18":{"loc":{"start":{"line":111,"column":16},"end":{"line":124,"column":null}},"type":"if","locations":[{"start":{"line":111,"column":16},"end":{"line":124,"column":null}},{"start":{},"end":{}}],"line":111},"19":{"loc":{"start":{"line":115,"column":44},"end":{"line":115,"column":null}},"type":"binary-expr","locations":[{"start":{"line":115,"column":44},"end":{"line":115,"column":67}},{"start":{"line":115,"column":67},"end":{"line":115,"column":null}}],"line":115},"20":{"loc":{"start":{"line":135,"column":35},"end":{"line":135,"column":null}},"type":"cond-expr","locations":[{"start":{"line":135,"column":60},"end":{"line":135,"column":74}},{"start":{"line":135,"column":74},"end":{"line":135,"column":null}}],"line":135},"21":{"loc":{"start":{"line":138,"column":8},"end":{"line":205,"column":null}},"type":"if","locations":[{"start":{"line":138,"column":8},"end":{"line":205,"column":null}},{"start":{"line":170,"column":8},"end":{"line":205,"column":null}}],"line":138},"22":{"loc":{"start":{"line":147,"column":16},"end":{"line":160,"column":null}},"type":"if","locations":[{"start":{"line":147,"column":16},"end":{"line":160,"column":null}},{"start":{},"end":{}}],"line":147},"23":{"loc":{"start":{"line":151,"column":44},"end":{"line":151,"column":null}},"type":"binary-expr","locations":[{"start":{"line":151,"column":44},"end":{"line":151,"column":67}},{"start":{"line":151,"column":67},"end":{"line":151,"column":null}}],"line":151},"24":{"loc":{"start":{"line":167,"column":35},"end":{"line":167,"column":null}},"type":"cond-expr","locations":[{"start":{"line":167,"column":60},"end":{"line":167,"column":74}},{"start":{"line":167,"column":74},"end":{"line":167,"column":null}}],"line":167},"25":{"loc":{"start":{"line":170,"column":8},"end":{"line":205,"column":null}},"type":"if","locations":[{"start":{"line":170,"column":8},"end":{"line":205,"column":null}},{"start":{"line":203,"column":13},"end":{"line":205,"column":null}}],"line":170},"26":{"loc":{"start":{"line":179,"column":16},"end":{"line":192,"column":null}},"type":"if","locations":[{"start":{"line":179,"column":16},"end":{"line":192,"column":null}},{"start":{},"end":{}}],"line":179},"27":{"loc":{"start":{"line":183,"column":44},"end":{"line":183,"column":null}},"type":"binary-expr","locations":[{"start":{"line":183,"column":44},"end":{"line":183,"column":67}},{"start":{"line":183,"column":67},"end":{"line":183,"column":null}}],"line":183},"28":{"loc":{"start":{"line":199,"column":35},"end":{"line":199,"column":null}},"type":"cond-expr","locations":[{"start":{"line":199,"column":60},"end":{"line":199,"column":74}},{"start":{"line":199,"column":74},"end":{"line":199,"column":null}}],"line":199}},"s":{"0":1,"1":1,"2":11,"3":5,"4":0,"5":5,"6":15,"7":15,"8":15,"9":15,"10":15,"11":0,"12":0,"13":0,"14":0,"15":15,"16":15,"17":5,"18":10,"19":5,"20":5,"21":15,"22":15,"23":15,"24":5,"25":5,"26":0,"27":0,"28":0,"29":0,"30":0,"31":0,"32":0,"33":0,"34":0,"35":0,"36":0,"37":0,"38":0,"39":0,"40":0,"41":0,"42":0,"43":5,"44":0,"45":0,"46":0,"47":0,"48":0,"49":0,"50":0,"51":0,"52":0,"53":0,"54":0,"55":0,"56":0,"57":0,"58":0,"59":0,"60":0,"61":0,"62":0,"63":0,"64":5,"65":5,"66":15,"67":5,"68":15,"69":15,"70":15,"71":15,"72":15,"73":15,"74":0,"75":0,"76":0,"77":0,"78":0,"79":0,"80":0,"81":15,"82":0,"83":0,"84":0,"85":0,"86":0,"87":0,"88":0,"89":0,"90":0,"91":0,"92":0,"93":0,"94":0,"95":0,"96":0,"97":0,"98":0,"99":0,"100":0,"101":5,"102":11},"f":{"0":11,"1":5,"2":15,"3":0,"4":10,"5":5,"6":15,"7":0,"8":0,"9":0,"10":0,"11":0,"12":0,"13":0,"14":0,"15":0,"16":0,"17":0,"18":0,"19":15,"20":15,"21":15,"22":0,"23":0,"24":0,"25":0,"26":0,"27":0,"28":0,"29":0,"30":0},"b":{"0":[11],"1":[0,5],"2":[5,5],"3":[0,15],"4":[0,15],"5":[0,0],"6":[15,0],"7":[15,0],"8":[15,0],"9":[0,15],"10":[15,0],"11":[15,0],"12":[15,15],"13":[0,5],"14":[0,0],"15":[0,0],"16":[0,0],"17":[0,5],"18":[0,0],"19":[0,0],"20":[0,0],"21":[5,0],"22":[0,15],"23":[0,0],"24":[0,15],"25":[0,0],"26":[0,0],"27":[0,0],"28":[0,0]},"meta":{"lastBranch":29,"lastFunction":31,"lastStatement":103,"seen":{"s:17:24:17:Infinity":0,"s:19:28:212:Infinity":1,"f:19:28:19:29":0,"b:19:62:19:78":0,"s:20:10:209:Infinity":2,"f:20:34:20:40":1,"b:21:8:21:Infinity:undefined:undefined:undefined:undefined":1,"s:21:8:21:Infinity":3,"b:21:12:21:21:21:21:21:40":2,"s:21:40:21:Infinity":4,"s:23:42:55:Infinity":5,"f:23:51:23:52":2,"s:24:28:24:Infinity":6,"s:25:25:25:Infinity":7,"b:25:51:25:61:25:51:25:Infinity":3,"s:28:29:28:Infinity":8,"s:29:81:29:Infinity":9,"b:31:12:45:Infinity:42:19:45:Infinity":4,"s:31:12:45:Infinity":10,"s:33:16:41:Infinity":11,"f:33:39:33:40":3,"s:34:32:34:Infinity":12,"b:34:32:34:53:34:53:34:Infinity":5,"s:35:20:35:Infinity":13,"s:36:20:40:Infinity":14,"s:44:16:44:Infinity":15,"b:44:29:44:61:44:61:44:Infinity":6,"s:47:12:54:Infinity":16,"b:48:21:48:43:48:43:48:Infinity":7,"b:49:24:49:59:49:59:49:Infinity":8,"b:51:58:51:74:51:74:51:Infinity":9,"b:52:38:52:45:52:45:52:Infinity":10,"b:53:52:53:64:53:64:53:Infinity":11,"s:57:23:57:Infinity":17,"f:57:41:57:42":4,"s:57:51:57:86":18,"s:60:24:66:Infinity":19,"f:60:24:60:28":5,"s:61:12:65:Infinity":20,"f:61:32:61:33":6,"s:62:28:62:Infinity":21,"s:63:16:63:Infinity":22,"b:63:31:63:46:63:46:63:50":12,"s:64:16:64:Infinity":23,"s:69:38:69:Infinity":24,"b:71:8:205:Infinity:102:8:205:Infinity":13,"s:71:8:205:Infinity":25,"s:72:28:72:Infinity":26,"f:72:44:72:45":7,"s:72:45:72:79":27,"s:73:12:101:Infinity":28,"f:73:53:73:54":8,"s:74:33:74:Infinity":29,"s:75:30:75:Infinity":30,"s:76:30:76:Infinity":31,"f:76:46:76:47":9,"s:76:61:76:79":32,"s:78:41:78:Infinity":33,"b:79:16:92:Infinity:undefined:undefined:undefined:undefined":14,"s:79:16:92:Infinity":34,"s:80:37:80:Infinity":35,"s:81:20:86:Infinity":36,"f:81:37:81:42":10,"s:82:24:85:Infinity":37,"f:82:49:82:54":11,"s:83:44:83:Infinity":38,"b:83:44:83:67:83:67:83:Infinity":15,"s:84:28:84:Infinity":39,"s:87:20:91:Infinity":40,"f:87:69:87:70":12,"s:87:85:91:22":41,"s:94:16:100:Infinity":42,"b:99:60:99:74:99:74:99:Infinity":16,"b:102:8:205:Infinity:138:8:205:Infinity":17,"s:102:8:205:Infinity":43,"s:104:28:104:Infinity":44,"f:104:44:104:45":13,"s:104:45:104:92":45,"s:105:12:137:Infinity":46,"f:105:53:105:54":14,"s:106:34:106:Infinity":47,"s:107:30:107:Infinity":48,"s:108:30:108:Infinity":49,"f:108:47:108:48":15,"s:108:62:108:80":50,"s:110:41:110:Infinity":51,"b:111:16:124:Infinity:undefined:undefined:undefined:undefined":18,"s:111:16:124:Infinity":52,"s:112:37:112:Infinity":53,"s:113:20:118:Infinity":54,"f:113:38:113:43":16,"s:114:24:117:Infinity":55,"f:114:49:114:54":17,"s:115:44:115:Infinity":56,"b:115:44:115:67:115:67:115:Infinity":19,"s:116:28:116:Infinity":57,"s:119:20:123:Infinity":58,"f:119:69:119:70":18,"s:119:85:123:22":59,"s:126:22:126:Infinity":60,"s:127:22:127:Infinity":61,"s:128:30:128:Infinity":62,"s:130:16:136:Infinity":63,"b:135:60:135:74:135:74:135:Infinity":20,"b:138:8:205:Infinity:170:8:205:Infinity":21,"s:138:8:205:Infinity":64,"s:140:28:140:Infinity":65,"f:140:44:140:45":19,"s:140:45:140:90":66,"s:141:12:169:Infinity":67,"f:141:53:141:54":20,"s:142:35:142:Infinity":68,"s:143:30:143:Infinity":69,"s:144:30:144:Infinity":70,"f:144:48:144:49":21,"s:144:63:144:81":71,"s:146:41:146:Infinity":72,"b:147:16:160:Infinity:undefined:undefined:undefined:undefined":22,"s:147:16:160:Infinity":73,"s:148:37:148:Infinity":74,"s:149:20:154:Infinity":75,"f:149:39:149:44":22,"s:150:24:153:Infinity":76,"f:150:49:150:54":23,"s:151:44:151:Infinity":77,"b:151:44:151:67:151:67:151:Infinity":23,"s:152:28:152:Infinity":78,"s:155:20:159:Infinity":79,"f:155:69:155:70":24,"s:155:85:159:22":80,"s:162:16:168:Infinity":81,"b:167:60:167:74:167:74:167:Infinity":24,"b:170:8:205:Infinity:203:13:205:Infinity":25,"s:170:8:205:Infinity":82,"s:172:28:172:Infinity":83,"f:172:44:172:45":25,"s:172:45:172:73":84,"s:173:12:201:Infinity":85,"f:173:53:173:54":26,"s:174:34:174:Infinity":86,"s:175:30:175:Infinity":87,"s:176:30:176:Infinity":88,"f:176:47:176:48":27,"s:176:62:176:80":89,"s:178:41:178:Infinity":90,"b:179:16:192:Infinity:undefined:undefined:undefined:undefined":26,"s:179:16:192:Infinity":91,"s:180:37:180:Infinity":92,"s:181:20:186:Infinity":93,"f:181:38:181:43":28,"s:182:24:185:Infinity":94,"f:182:49:182:54":29,"s:183:44:183:Infinity":95,"b:183:44:183:67:183:67:183:Infinity":27,"s:184:28:184:Infinity":96,"s:187:20:191:Infinity":97,"f:187:69:187:70":30,"s:187:85:191:22":98,"s:194:16:200:Infinity":99,"b:199:60:199:74:199:74:199:Infinity":28,"s:204:12:204:Infinity":100,"s:207:8:207:Infinity":101,"s:211:4:211:Infinity":102}}}
,"/Users/pratikshadoshi/Downloads/Projects/smart-bar-chart/src/lib/services/gemini.ts": {"path":"/Users/pratikshadoshi/Downloads/Projects/smart-bar-chart/src/lib/services/gemini.ts","statementMap":{"0":{"start":{"line":10,"column":8},"end":{"line":10,"column":null}},"1":{"start":{"line":11,"column":8},"end":{"line":11,"column":null}},"2":{"start":{"line":15,"column":8},"end":{"line":15,"column":null}},"3":{"start":{"line":15,"column":31},"end":{"line":15,"column":null}},"4":{"start":{"line":17,"column":23},"end":{"line":21,"column":null}},"5":{"start":{"line":19,"column":22},"end":{"line":19,"column":46}},"6":{"start":{"line":26,"column":8},"end":{"line":61,"column":null}},"7":{"start":{"line":27,"column":27},"end":{"line":27,"column":null}},"8":{"start":{"line":28,"column":29},"end":{"line":28,"column":null}},"9":{"start":{"line":29,"column":25},"end":{"line":29,"column":null}},"10":{"start":{"line":30,"column":28},"end":{"line":30,"column":null}},"11":{"start":{"line":31,"column":46},"end":{"line":31,"column":null}},"12":{"start":{"line":33,"column":30},"end":{"line":33,"column":null}},"13":{"start":{"line":34,"column":29},"end":{"line":34,"column":null}},"14":{"start":{"line":36,"column":12},"end":{"line":56,"column":null}},"15":{"start":{"line":37,"column":30},"end":{"line":37,"column":null}},"16":{"start":{"line":38,"column":16},"end":{"line":40,"column":null}},"17":{"start":{"line":38,"column":36},"end":{"line":38,"column":null}},"18":{"start":{"line":38,"column":73},"end":{"line":40,"column":null}},"19":{"start":{"line":39,"column":42},"end":{"line":39,"column":null}},"20":{"start":{"line":39,"column":80},"end":{"line":40,"column":null}},"21":{"start":{"line":40,"column":43},"end":{"line":40,"column":null}},"22":{"start":{"line":42,"column":28},"end":{"line":42,"column":null}},"23":{"start":{"line":43,"column":16},"end":{"line":46,"column":null}},"24":{"start":{"line":43,"column":36},"end":{"line":43,"column":null}},"25":{"start":{"line":43,"column":68},"end":{"line":46,"column":null}},"26":{"start":{"line":44,"column":42},"end":{"line":44,"column":null}},"27":{"start":{"line":44,"column":63},"end":{"line":46,"column":null}},"28":{"start":{"line":45,"column":43},"end":{"line":45,"column":null}},"29":{"start":{"line":46,"column":21},"end":{"line":46,"column":null}},"30":{"start":{"line":48,"column":16},"end":{"line":55,"column":null}},"31":{"start":{"line":59,"column":12},"end":{"line":59,"column":null}},"32":{"start":{"line":60,"column":12},"end":{"line":60,"column":null}},"33":{"start":{"line":65,"column":23},"end":{"line":67,"column":null}},"34":{"start":{"line":67,"column":22},"end":{"line":67,"column":46}},"35":{"start":{"line":71,"column":8},"end":{"line":77,"column":null}},"36":{"start":{"line":72,"column":27},"end":{"line":72,"column":null}},"37":{"start":{"line":73,"column":12},"end":{"line":73,"column":null}},"38":{"start":{"line":75,"column":12},"end":{"line":75,"column":null}},"39":{"start":{"line":76,"column":12},"end":{"line":76,"column":null}}},"fnMap":{"0":{"name":"(anonymous_0)","decl":{"start":{"line":9,"column":4},"end":{"line":9,"column":16}},"loc":{"start":{"line":9,"column":72},"end":{"line":12,"column":null}},"line":9},"1":{"name":"(anonymous_1)","decl":{"start":{"line":14,"column":10},"end":{"line":14,"column":22}},"loc":{"start":{"line":14,"column":109},"end":{"line":62,"column":null}},"line":14},"2":{"name":"(anonymous_2)","decl":{"start":{"line":19,"column":17},"end":{"line":19,"column":22}},"loc":{"start":{"line":19,"column":22},"end":{"line":19,"column":46}},"line":19},"3":{"name":"(anonymous_3)","decl":{"start":{"line":36,"column":39},"end":{"line":36,"column":40}},"loc":{"start":{"line":36,"column":55},"end":{"line":56,"column":13}},"line":36},"4":{"name":"(anonymous_4)","decl":{"start":{"line":64,"column":10},"end":{"line":64,"column":18}},"loc":{"start":{"line":64,"column":54},"end":{"line":78,"column":null}},"line":64},"5":{"name":"(anonymous_5)","decl":{"start":{"line":67,"column":17},"end":{"line":67,"column":22}},"loc":{"start":{"line":67,"column":22},"end":{"line":67,"column":46}},"line":67}},"branchMap":{"0":{"loc":{"start":{"line":9,"column":32},"end":{"line":9,"column":72}},"type":"default-arg","locations":[{"start":{"line":9,"column":52},"end":{"line":9,"column":72}}],"line":9},"1":{"loc":{"start":{"line":14,"column":41},"end":{"line":14,"column":60}},"type":"default-arg","locations":[{"start":{"line":14,"column":57},"end":{"line":14,"column":60}}],"line":14},"2":{"loc":{"start":{"line":14,"column":60},"end":{"line":14,"column":109}},"type":"default-arg","locations":[{"start":{"line":14,"column":78},"end":{"line":14,"column":109}}],"line":14},"3":{"loc":{"start":{"line":15,"column":8},"end":{"line":15,"column":null}},"type":"if","locations":[{"start":{"line":15,"column":8},"end":{"line":15,"column":null}},{"start":{},"end":{}}],"line":15},"4":{"loc":{"start":{"line":38,"column":16},"end":{"line":40,"column":null}},"type":"if","locations":[{"start":{"line":38,"column":16},"end":{"line":40,"column":null}},{"start":{"line":38,"column":73},"end":{"line":40,"column":null}}],"line":38},"5":{"loc":{"start":{"line":38,"column":73},"end":{"line":40,"column":null}},"type":"if","locations":[{"start":{"line":38,"column":73},"end":{"line":40,"column":null}},{"start":{"line":39,"column":80},"end":{"line":40,"column":null}}],"line":38},"6":{"loc":{"start":{"line":39,"column":80},"end":{"line":40,"column":null}},"type":"if","locations":[{"start":{"line":39,"column":80},"end":{"line":40,"column":null}},{"start":{},"end":{}}],"line":39},"7":{"loc":{"start":{"line":43,"column":16},"end":{"line":46,"column":null}},"type":"if","locations":[{"start":{"line":43,"column":16},"end":{"line":46,"column":null}},{"start":{"line":43,"column":68},"end":{"line":46,"column":null}}],"line":43},"8":{"loc":{"start":{"line":43,"column":68},"end":{"line":46,"column":null}},"type":"if","locations":[{"start":{"line":43,"column":68},"end":{"line":46,"column":null}},{"start":{"line":44,"column":63},"end":{"line":46,"column":null}}],"line":43},"9":{"loc":{"start":{"line":44,"column":63},"end":{"line":46,"column":null}},"type":"if","locations":[{"start":{"line":44,"column":63},"end":{"line":46,"column":null}},{"start":{"line":46,"column":21},"end":{"line":46,"column":null}}],"line":44}},"s":{"0":0,"1":0,"2":0,"3":0,"4":0,"5":0,"6":0,"7":0,"8":0,"9":0,"10":0,"11":0,"12":0,"13":0,"14":0,"15":0,"16":0,"17":0,"18":0,"19":0,"20":0,"21":0,"22":0,"23":0,"24":0,"25":0,"26":0,"27":0,"28":0,"29":0,"30":0,"31":0,"32":0,"33":0,"34":0,"35":0,"36":0,"37":0,"38":0,"39":0},"f":{"0":0,"1":0,"2":0,"3":0,"4":0,"5":0},"b":{"0":[0],"1":[0],"2":[0],"3":[0,0],"4":[0,0],"5":[0,0],"6":[0,0],"7":[0,0],"8":[0,0],"9":[0,0]},"meta":{"lastBranch":10,"lastFunction":6,"lastStatement":40,"seen":{"f:9:4:9:16":0,"b:9:52:9:72":0,"s:10:8:10:Infinity":0,"s:11:8:11:Infinity":1,"f:14:10:14:22":1,"b:14:57:14:60":1,"b:14:78:14:109":2,"b:15:8:15:Infinity:undefined:undefined:undefined:undefined":3,"s:15:8:15:Infinity":2,"s:15:31:15:Infinity":3,"s:17:23:21:Infinity":4,"f:19:17:19:22":2,"s:19:22:19:46":5,"s:26:8:61:Infinity":6,"s:27:27:27:Infinity":7,"s:28:29:28:Infinity":8,"s:29:25:29:Infinity":9,"s:30:28:30:Infinity":10,"s:31:46:31:Infinity":11,"s:33:30:33:Infinity":12,"s:34:29:34:Infinity":13,"s:36:12:56:Infinity":14,"f:36:39:36:40":3,"s:37:30:37:Infinity":15,"b:38:16:40:Infinity:38:73:40:Infinity":4,"s:38:16:40:Infinity":16,"s:38:36:38:Infinity":17,"b:38:73:40:Infinity:39:80:40:Infinity":5,"s:38:73:40:Infinity":18,"s:39:42:39:Infinity":19,"b:39:80:40:Infinity:undefined:undefined:undefined:undefined":6,"s:39:80:40:Infinity":20,"s:40:43:40:Infinity":21,"s:42:28:42:Infinity":22,"b:43:16:46:Infinity:43:68:46:Infinity":7,"s:43:16:46:Infinity":23,"s:43:36:43:Infinity":24,"b:43:68:46:Infinity:44:63:46:Infinity":8,"s:43:68:46:Infinity":25,"s:44:42:44:Infinity":26,"b:44:63:46:Infinity:46:21:46:Infinity":9,"s:44:63:46:Infinity":27,"s:45:43:45:Infinity":28,"s:46:21:46:Infinity":29,"s:48:16:55:Infinity":30,"s:59:12:59:Infinity":31,"s:60:12:60:Infinity":32,"f:64:10:64:18":4,"s:65:23:67:Infinity":33,"f:67:17:67:22":5,"s:67:22:67:46":34,"s:71:8:77:Infinity":35,"s:72:27:72:Infinity":36,"s:73:12:73:Infinity":37,"s:75:12:75:Infinity":38,"s:76:12:76:Infinity":39}}}
}
